{"__type":"$$EventMessageAudit","id":"8e29d6e0-048b-468d-9549-b71a7cd58824","ts":"2025-12-23T19:23:18.230+00:00","eventName":"n8n.audit.user.login.success","message":"n8n.audit.user.login.success","payload":{"userId":"8022dfae-34c0-45d1-8d37-d5e8da3ebd5d","_email":"jaenzo31@gmail.com","_firstName":"Enzo","_lastName":"JANY","globalRole":"global:owner","authenticationMethod":"email"}}
{"__type":"$$EventMessageConfirm","confirm":"8e29d6e0-048b-468d-9549-b71a7cd58824","ts":"2025-12-23T19:23:18.230+00:00","source":{"id":"0","name":"eventBus"}}
{"__type":"$$EventMessageWorkflow","id":"0259248c-bacb-46bc-90d0-a85fb700417f","ts":"2025-12-23T19:31:20.192+00:00","eventName":"n8n.workflow.started","message":"n8n.workflow.started","payload":{"executionId":"136","workflowId":"qujm4GB0CHFRlv7R","isManual":false,"workflowName":"Gestion des dépenses"}}
{"__type":"$$EventMessageConfirm","confirm":"0259248c-bacb-46bc-90d0-a85fb700417f","ts":"2025-12-23T19:31:20.192+00:00","source":{"id":"0","name":"eventBus"}}
{"__type":"$$EventMessageNode","id":"d7a156fa-fe54-4cd4-bbd1-754fed5f3220","ts":"2025-12-23T19:31:20.193+00:00","eventName":"n8n.node.started","message":"n8n.node.started","payload":{"workflowId":"qujm4GB0CHFRlv7R","workflowName":"Gestion des dépenses","executionId":"136","nodeType":"n8n-nodes-base.manualTrigger","nodeName":"When clicking ‘Execute workflow’","nodeId":"e549fd4f-3c46-48c1-855d-8673bccd0f65"}}
{"__type":"$$EventMessageConfirm","confirm":"d7a156fa-fe54-4cd4-bbd1-754fed5f3220","ts":"2025-12-23T19:31:20.193+00:00","source":{"id":"0","name":"eventBus"}}
{"__type":"$$EventMessageNode","id":"36227405-56bb-4192-87e8-2ccabb21d1cf","ts":"2025-12-23T19:31:20.195+00:00","eventName":"n8n.node.finished","message":"n8n.node.finished","payload":{"workflowId":"qujm4GB0CHFRlv7R","workflowName":"Gestion des dépenses","executionId":"136","nodeType":"n8n-nodes-base.manualTrigger","nodeName":"When clicking ‘Execute workflow’","nodeId":"e549fd4f-3c46-48c1-855d-8673bccd0f65"}}
{"__type":"$$EventMessageConfirm","confirm":"36227405-56bb-4192-87e8-2ccabb21d1cf","ts":"2025-12-23T19:31:20.195+00:00","source":{"id":"0","name":"eventBus"}}
{"__type":"$$EventMessageWorkflow","id":"b91d9f03-ab55-4aca-8a7f-d4c9de3fbecb","ts":"2025-12-23T19:31:20.200+00:00","eventName":"n8n.workflow.success","message":"n8n.workflow.success","payload":{"userId":"8022dfae-34c0-45d1-8d37-d5e8da3ebd5d","executionId":"136","success":true,"isManual":true,"workflowId":"qujm4GB0CHFRlv7R","workflowName":"Gestion des dépenses"}}
{"__type":"$$EventMessageConfirm","confirm":"b91d9f03-ab55-4aca-8a7f-d4c9de3fbecb","ts":"2025-12-23T19:31:20.200+00:00","source":{"id":"0","name":"eventBus"}}
{"__type":"$$EventMessageWorkflow","id":"4fd138d1-b10c-49ce-acfc-5b2528765a6c","ts":"2025-12-23T19:31:21.244+00:00","eventName":"n8n.workflow.started","message":"n8n.workflow.started","payload":{"executionId":"137","workflowId":"qujm4GB0CHFRlv7R","isManual":false,"workflowName":"Gestion des dépenses"}}
{"__type":"$$EventMessageConfirm","confirm":"4fd138d1-b10c-49ce-acfc-5b2528765a6c","ts":"2025-12-23T19:31:21.244+00:00","source":{"id":"0","name":"eventBus"}}
{"__type":"$$EventMessageNode","id":"ed9e2a15-fd11-486b-9f8c-2779b4809950","ts":"2025-12-23T19:31:21.246+00:00","eventName":"n8n.node.started","message":"n8n.node.started","payload":{"workflowId":"qujm4GB0CHFRlv7R","workflowName":"Gestion des dépenses","executionId":"137","nodeType":"n8n-nodes-base.readWriteFile","nodeName":"Read/Write Files from Disk","nodeId":"49aac05e-1400-4964-bc3e-63faecd3a1ac"}}
{"__type":"$$EventMessageConfirm","confirm":"ed9e2a15-fd11-486b-9f8c-2779b4809950","ts":"2025-12-23T19:31:21.246+00:00","source":{"id":"0","name":"eventBus"}}
{"__type":"$$EventMessageNode","id":"7430d413-07c2-43cd-81f4-052403486083","ts":"2025-12-23T19:31:21.274+00:00","eventName":"n8n.node.finished","message":"n8n.node.finished","payload":{"workflowId":"qujm4GB0CHFRlv7R","workflowName":"Gestion des dépenses","executionId":"137","nodeType":"n8n-nodes-base.readWriteFile","nodeName":"Read/Write Files from Disk","nodeId":"49aac05e-1400-4964-bc3e-63faecd3a1ac"}}
{"__type":"$$EventMessageConfirm","confirm":"7430d413-07c2-43cd-81f4-052403486083","ts":"2025-12-23T19:31:21.274+00:00","source":{"id":"0","name":"eventBus"}}
{"__type":"$$EventMessageWorkflow","id":"49da0c4a-1ea0-4542-af8b-fe3ca61a0170","ts":"2025-12-23T19:31:21.280+00:00","eventName":"n8n.workflow.failed","message":"n8n.workflow.failed","payload":{"userId":"8022dfae-34c0-45d1-8d37-d5e8da3ebd5d","executionId":"137","success":false,"isManual":true,"workflowId":"qujm4GB0CHFRlv7R","workflowName":"Gestion des dépenses","lastNodeExecuted":"Read/Write Files from Disk","errorNodeType":"n8n-nodes-base.readWriteFile","errorMessage":"Access to the file is not allowed. Allowed paths: /home/node/.n8n-files"}}
{"__type":"$$EventMessageConfirm","confirm":"49da0c4a-1ea0-4542-af8b-fe3ca61a0170","ts":"2025-12-23T19:31:21.280+00:00","source":{"id":"0","name":"eventBus"}}
{"__type":"$$EventMessageWorkflow","id":"36fe831e-08a1-4f44-9a47-f2264d00a79e","ts":"2025-12-23T19:32:27.839+00:00","eventName":"n8n.workflow.started","message":"n8n.workflow.started","payload":{"executionId":"138","workflowId":"qujm4GB0CHFRlv7R","isManual":false,"workflowName":"Gestion des dépenses"}}
{"__type":"$$EventMessageConfirm","confirm":"36fe831e-08a1-4f44-9a47-f2264d00a79e","ts":"2025-12-23T19:32:27.839+00:00","source":{"id":"0","name":"eventBus"}}
{"__type":"$$EventMessageNode","id":"eb589b85-854b-4627-9d6c-a9926cb1a45a","ts":"2025-12-23T19:32:27.841+00:00","eventName":"n8n.node.started","message":"n8n.node.started","payload":{"workflowId":"qujm4GB0CHFRlv7R","workflowName":"Gestion des dépenses","executionId":"138","nodeType":"n8n-nodes-base.readWriteFile","nodeName":"Read/Write Files from Disk","nodeId":"49aac05e-1400-4964-bc3e-63faecd3a1ac"}}
{"__type":"$$EventMessageConfirm","confirm":"eb589b85-854b-4627-9d6c-a9926cb1a45a","ts":"2025-12-23T19:32:27.841+00:00","source":{"id":"0","name":"eventBus"}}
{"__type":"$$EventMessageNode","id":"47747433-0be0-4d06-b1a6-71b07a2279ec","ts":"2025-12-23T19:32:27.848+00:00","eventName":"n8n.node.finished","message":"n8n.node.finished","payload":{"workflowId":"qujm4GB0CHFRlv7R","workflowName":"Gestion des dépenses","executionId":"138","nodeType":"n8n-nodes-base.readWriteFile","nodeName":"Read/Write Files from Disk","nodeId":"49aac05e-1400-4964-bc3e-63faecd3a1ac"}}
{"__type":"$$EventMessageConfirm","confirm":"47747433-0be0-4d06-b1a6-71b07a2279ec","ts":"2025-12-23T19:32:27.848+00:00","source":{"id":"0","name":"eventBus"}}
{"__type":"$$EventMessageWorkflow","id":"e41a653d-cc7b-4b7e-bd85-197f07653f99","ts":"2025-12-23T19:32:27.853+00:00","eventName":"n8n.workflow.failed","message":"n8n.workflow.failed","payload":{"userId":"8022dfae-34c0-45d1-8d37-d5e8da3ebd5d","executionId":"138","success":false,"isManual":true,"workflowId":"qujm4GB0CHFRlv7R","workflowName":"Gestion des dépenses","lastNodeExecuted":"Read/Write Files from Disk","errorNodeType":"n8n-nodes-base.readWriteFile","errorMessage":"Access to the file is not allowed. Allowed paths: /home/node/.n8n-files"}}
{"__type":"$$EventMessageConfirm","confirm":"e41a653d-cc7b-4b7e-bd85-197f07653f99","ts":"2025-12-23T19:32:27.853+00:00","source":{"id":"0","name":"eventBus"}}
