{"__type":"$$EventMessageWorkflow","id":"32bd6aa4-c75d-492e-9d79-c0c370248ad0","ts":"2025-12-23T20:26:47.467+00:00","eventName":"n8n.workflow.started","message":"n8n.workflow.started","payload":{"executionId":"146","workflowId":"qujm4GB0CHFRlv7R","isManual":false,"workflowName":"Gestion des dépenses"}}
{"__type":"$$EventMessageConfirm","confirm":"32bd6aa4-c75d-492e-9d79-c0c370248ad0","ts":"2025-12-23T20:26:47.467+00:00","source":{"id":"0","name":"eventBus"}}
{"__type":"$$EventMessageNode","id":"2d3a8c28-478c-48e9-b6c8-5cc6356e873b","ts":"2025-12-23T20:26:47.468+00:00","eventName":"n8n.node.started","message":"n8n.node.started","payload":{"workflowId":"qujm4GB0CHFRlv7R","workflowName":"Gestion des dépenses","executionId":"146","nodeType":"n8n-nodes-base.manualTrigger","nodeName":"When clicking ‘Execute workflow’","nodeId":"e549fd4f-3c46-48c1-855d-8673bccd0f65"}}
{"__type":"$$EventMessageConfirm","confirm":"2d3a8c28-478c-48e9-b6c8-5cc6356e873b","ts":"2025-12-23T20:26:47.468+00:00","source":{"id":"0","name":"eventBus"}}
{"__type":"$$EventMessageNode","id":"26c29d0d-b198-4f97-8561-b0e4e704b519","ts":"2025-12-23T20:26:47.469+00:00","eventName":"n8n.node.finished","message":"n8n.node.finished","payload":{"workflowId":"qujm4GB0CHFRlv7R","workflowName":"Gestion des dépenses","executionId":"146","nodeType":"n8n-nodes-base.manualTrigger","nodeName":"When clicking ‘Execute workflow’","nodeId":"e549fd4f-3c46-48c1-855d-8673bccd0f65"}}
{"__type":"$$EventMessageConfirm","confirm":"26c29d0d-b198-4f97-8561-b0e4e704b519","ts":"2025-12-23T20:26:47.469+00:00","source":{"id":"0","name":"eventBus"}}
{"__type":"$$EventMessageNode","id":"b3076589-dcee-4ed1-97a9-4dc79ce2b54f","ts":"2025-12-23T20:26:47.470+00:00","eventName":"n8n.node.started","message":"n8n.node.started","payload":{"workflowId":"qujm4GB0CHFRlv7R","workflowName":"Gestion des dépenses","executionId":"146","nodeType":"n8n-nodes-base.readWriteFile","nodeName":"Read/Write Files from Disk","nodeId":"49aac05e-1400-4964-bc3e-63faecd3a1ac"}}
{"__type":"$$EventMessageConfirm","confirm":"b3076589-dcee-4ed1-97a9-4dc79ce2b54f","ts":"2025-12-23T20:26:47.470+00:00","source":{"id":"0","name":"eventBus"}}
{"__type":"$$EventMessageNode","id":"c27f9f7e-3f34-4fbb-92fa-832e2ff8376b","ts":"2025-12-23T20:26:47.499+00:00","eventName":"n8n.node.finished","message":"n8n.node.finished","payload":{"workflowId":"qujm4GB0CHFRlv7R","workflowName":"Gestion des dépenses","executionId":"146","nodeType":"n8n-nodes-base.readWriteFile","nodeName":"Read/Write Files from Disk","nodeId":"49aac05e-1400-4964-bc3e-63faecd3a1ac"}}
{"__type":"$$EventMessageConfirm","confirm":"c27f9f7e-3f34-4fbb-92fa-832e2ff8376b","ts":"2025-12-23T20:26:47.499+00:00","source":{"id":"0","name":"eventBus"}}
{"__type":"$$EventMessageNode","id":"b3ed87fb-a6f3-44c0-b06b-f215e9828c64","ts":"2025-12-23T20:26:47.500+00:00","eventName":"n8n.node.started","message":"n8n.node.started","payload":{"workflowId":"qujm4GB0CHFRlv7R","workflowName":"Gestion des dépenses","executionId":"146","nodeType":"n8n-nodes-base.extractFromFile","nodeName":"Extract from File","nodeId":"8f5f15c1-8ccb-4800-bfdd-a6a931360447"}}
{"__type":"$$EventMessageConfirm","confirm":"b3ed87fb-a6f3-44c0-b06b-f215e9828c64","ts":"2025-12-23T20:26:47.500+00:00","source":{"id":"0","name":"eventBus"}}
{"__type":"$$EventMessageNode","id":"a09cad23-f40f-4101-b40b-dfb1afd5d360","ts":"2025-12-23T20:26:47.516+00:00","eventName":"n8n.node.finished","message":"n8n.node.finished","payload":{"workflowId":"qujm4GB0CHFRlv7R","workflowName":"Gestion des dépenses","executionId":"146","nodeType":"n8n-nodes-base.extractFromFile","nodeName":"Extract from File","nodeId":"8f5f15c1-8ccb-4800-bfdd-a6a931360447"}}
{"__type":"$$EventMessageConfirm","confirm":"a09cad23-f40f-4101-b40b-dfb1afd5d360","ts":"2025-12-23T20:26:47.516+00:00","source":{"id":"0","name":"eventBus"}}
{"__type":"$$EventMessageNode","id":"2d1ad60c-9d02-478a-97d2-b336001f58c0","ts":"2025-12-23T20:26:47.517+00:00","eventName":"n8n.node.started","message":"n8n.node.started","payload":{"workflowId":"qujm4GB0CHFRlv7R","workflowName":"Gestion des dépenses","executionId":"146","nodeType":"n8n-nodes-base.set","nodeName":"Edit Fields","nodeId":"a6a1f126-2617-4dad-907e-73f8c38aecbb"}}
{"__type":"$$EventMessageConfirm","confirm":"2d1ad60c-9d02-478a-97d2-b336001f58c0","ts":"2025-12-23T20:26:47.517+00:00","source":{"id":"0","name":"eventBus"}}
{"__type":"$$EventMessageNode","id":"45d90d75-ade7-40d4-a349-814c8b4f0761","ts":"2025-12-23T15:26:47.625-05:00","eventName":"n8n.node.finished","message":"n8n.node.finished","payload":{"workflowId":"qujm4GB0CHFRlv7R","workflowName":"Gestion des dépenses","executionId":"146","nodeType":"n8n-nodes-base.set","nodeName":"Edit Fields","nodeId":"a6a1f126-2617-4dad-907e-73f8c38aecbb"}}
{"__type":"$$EventMessageConfirm","confirm":"45d90d75-ade7-40d4-a349-814c8b4f0761","ts":"2025-12-23T15:26:47.626-05:00","source":{"id":"0","name":"eventBus"}}
{"__type":"$$EventMessageNode","id":"2cf82239-b7a7-4b77-86e8-ab43c7a9a616","ts":"2025-12-23T15:26:47.626-05:00","eventName":"n8n.node.started","message":"n8n.node.started","payload":{"workflowId":"qujm4GB0CHFRlv7R","workflowName":"Gestion des dépenses","executionId":"146","nodeType":"n8n-nodes-base.notion","nodeName":"Create a database page","nodeId":"6ea202ea-6b54-4a8b-9e21-965ab06b3133"}}
{"__type":"$$EventMessageConfirm","confirm":"2cf82239-b7a7-4b77-86e8-ab43c7a9a616","ts":"2025-12-23T15:26:47.626-05:00","source":{"id":"0","name":"eventBus"}}
{"__type":"$$EventMessageNode","id":"f23db197-a9e0-451c-b388-14eacb952e67","ts":"2025-12-23T15:27:56.647-05:00","eventName":"n8n.node.finished","message":"n8n.node.finished","payload":{"workflowId":"qujm4GB0CHFRlv7R","workflowName":"Gestion des dépenses","executionId":"146","nodeType":"n8n-nodes-base.notion","nodeName":"Create a database page","nodeId":"6ea202ea-6b54-4a8b-9e21-965ab06b3133"}}
{"__type":"$$EventMessageConfirm","confirm":"f23db197-a9e0-451c-b388-14eacb952e67","ts":"2025-12-23T15:27:56.647-05:00","source":{"id":"0","name":"eventBus"}}
{"__type":"$$EventMessageWorkflow","id":"382e55aa-98e1-4f22-94a8-331875237f5b","ts":"2025-12-23T15:27:56.656-05:00","eventName":"n8n.workflow.success","message":"n8n.workflow.success","payload":{"userId":"8022dfae-34c0-45d1-8d37-d5e8da3ebd5d","executionId":"146","success":true,"isManual":true,"workflowId":"qujm4GB0CHFRlv7R","workflowName":"Gestion des dépenses"}}
{"__type":"$$EventMessageConfirm","confirm":"382e55aa-98e1-4f22-94a8-331875237f5b","ts":"2025-12-23T15:27:56.657-05:00","source":{"id":"0","name":"eventBus"}}
{"__type":"$$EventMessageWorkflow","id":"e25c5d30-68fc-479d-bf9f-efd9efbf8377","ts":"2025-12-23T15:34:17.697-05:00","eventName":"n8n.workflow.started","message":"n8n.workflow.started","payload":{"executionId":"147","workflowId":"qujm4GB0CHFRlv7R","isManual":false,"workflowName":"Gestion des dépenses"}}
{"__type":"$$EventMessageConfirm","confirm":"e25c5d30-68fc-479d-bf9f-efd9efbf8377","ts":"2025-12-23T15:34:17.698-05:00","source":{"id":"0","name":"eventBus"}}
{"__type":"$$EventMessageNode","id":"a1de264e-7c0f-4015-bbac-2c0545e1060b","ts":"2025-12-23T15:34:17.698-05:00","eventName":"n8n.node.started","message":"n8n.node.started","payload":{"workflowId":"qujm4GB0CHFRlv7R","workflowName":"Gestion des dépenses","executionId":"147","nodeType":"n8n-nodes-base.manualTrigger","nodeName":"When clicking ‘Execute workflow’","nodeId":"e549fd4f-3c46-48c1-855d-8673bccd0f65"}}
{"__type":"$$EventMessageConfirm","confirm":"a1de264e-7c0f-4015-bbac-2c0545e1060b","ts":"2025-12-23T15:34:17.699-05:00","source":{"id":"0","name":"eventBus"}}
{"__type":"$$EventMessageNode","id":"acbe1402-20f2-44c2-b677-6f73c6d14ffa","ts":"2025-12-23T15:34:17.699-05:00","eventName":"n8n.node.finished","message":"n8n.node.finished","payload":{"workflowId":"qujm4GB0CHFRlv7R","workflowName":"Gestion des dépenses","executionId":"147","nodeType":"n8n-nodes-base.manualTrigger","nodeName":"When clicking ‘Execute workflow’","nodeId":"e549fd4f-3c46-48c1-855d-8673bccd0f65"}}
{"__type":"$$EventMessageConfirm","confirm":"acbe1402-20f2-44c2-b677-6f73c6d14ffa","ts":"2025-12-23T15:34:17.699-05:00","source":{"id":"0","name":"eventBus"}}
{"__type":"$$EventMessageNode","id":"fd000016-9208-425e-8b20-638d3fc52b96","ts":"2025-12-23T15:34:17.699-05:00","eventName":"n8n.node.started","message":"n8n.node.started","payload":{"workflowId":"qujm4GB0CHFRlv7R","workflowName":"Gestion des dépenses","executionId":"147","nodeType":"n8n-nodes-base.readWriteFile","nodeName":"Read/Write Files from Disk","nodeId":"49aac05e-1400-4964-bc3e-63faecd3a1ac"}}
{"__type":"$$EventMessageConfirm","confirm":"fd000016-9208-425e-8b20-638d3fc52b96","ts":"2025-12-23T15:34:17.699-05:00","source":{"id":"0","name":"eventBus"}}
{"__type":"$$EventMessageNode","id":"fe619f25-9a65-49b4-819d-3f7c488d6c17","ts":"2025-12-23T15:34:17.726-05:00","eventName":"n8n.node.finished","message":"n8n.node.finished","payload":{"workflowId":"qujm4GB0CHFRlv7R","workflowName":"Gestion des dépenses","executionId":"147","nodeType":"n8n-nodes-base.readWriteFile","nodeName":"Read/Write Files from Disk","nodeId":"49aac05e-1400-4964-bc3e-63faecd3a1ac"}}
{"__type":"$$EventMessageConfirm","confirm":"fe619f25-9a65-49b4-819d-3f7c488d6c17","ts":"2025-12-23T15:34:17.726-05:00","source":{"id":"0","name":"eventBus"}}
{"__type":"$$EventMessageWorkflow","id":"a97f3abe-5eeb-420a-96ef-f109b73e155a","ts":"2025-12-23T15:34:17.731-05:00","eventName":"n8n.workflow.success","message":"n8n.workflow.success","payload":{"userId":"8022dfae-34c0-45d1-8d37-d5e8da3ebd5d","executionId":"147","success":true,"isManual":true,"workflowId":"qujm4GB0CHFRlv7R","workflowName":"Gestion des dépenses"}}
{"__type":"$$EventMessageConfirm","confirm":"a97f3abe-5eeb-420a-96ef-f109b73e155a","ts":"2025-12-23T15:34:17.732-05:00","source":{"id":"0","name":"eventBus"}}
{"__type":"$$EventMessageWorkflow","id":"d93c8dfc-91a0-430d-842f-e4c3f5301c7a","ts":"2025-12-23T15:34:19.040-05:00","eventName":"n8n.workflow.started","message":"n8n.workflow.started","payload":{"executionId":"148","workflowId":"qujm4GB0CHFRlv7R","isManual":false,"workflowName":"Gestion des dépenses"}}
{"__type":"$$EventMessageConfirm","confirm":"d93c8dfc-91a0-430d-842f-e4c3f5301c7a","ts":"2025-12-23T15:34:19.040-05:00","source":{"id":"0","name":"eventBus"}}
{"__type":"$$EventMessageNode","id":"9be2b360-8062-468d-bdbc-471a8fd101f1","ts":"2025-12-23T15:34:19.041-05:00","eventName":"n8n.node.started","message":"n8n.node.started","payload":{"workflowId":"qujm4GB0CHFRlv7R","workflowName":"Gestion des dépenses","executionId":"148","nodeType":"n8n-nodes-base.extractFromFile","nodeName":"Extract from File","nodeId":"8f5f15c1-8ccb-4800-bfdd-a6a931360447"}}
{"__type":"$$EventMessageConfirm","confirm":"9be2b360-8062-468d-bdbc-471a8fd101f1","ts":"2025-12-23T15:34:19.041-05:00","source":{"id":"0","name":"eventBus"}}
{"__type":"$$EventMessageNode","id":"ee556d01-a8b3-43c1-86f8-e0a6ccb4890e","ts":"2025-12-23T15:34:19.054-05:00","eventName":"n8n.node.finished","message":"n8n.node.finished","payload":{"workflowId":"qujm4GB0CHFRlv7R","workflowName":"Gestion des dépenses","executionId":"148","nodeType":"n8n-nodes-base.extractFromFile","nodeName":"Extract from File","nodeId":"8f5f15c1-8ccb-4800-bfdd-a6a931360447"}}
{"__type":"$$EventMessageConfirm","confirm":"ee556d01-a8b3-43c1-86f8-e0a6ccb4890e","ts":"2025-12-23T15:34:19.054-05:00","source":{"id":"0","name":"eventBus"}}
{"__type":"$$EventMessageWorkflow","id":"8f75f1bc-6059-4519-9198-c18d2530ec75","ts":"2025-12-23T15:34:19.056-05:00","eventName":"n8n.workflow.success","message":"n8n.workflow.success","payload":{"userId":"8022dfae-34c0-45d1-8d37-d5e8da3ebd5d","executionId":"148","success":true,"isManual":true,"workflowId":"qujm4GB0CHFRlv7R","workflowName":"Gestion des dépenses"}}
{"__type":"$$EventMessageConfirm","confirm":"8f75f1bc-6059-4519-9198-c18d2530ec75","ts":"2025-12-23T15:34:19.056-05:00","source":{"id":"0","name":"eventBus"}}
{"__type":"$$EventMessageAudit","id":"d8dd3f47-64bb-4774-a38e-931a3a323966","ts":"2025-12-23T15:35:08.175-05:00","eventName":"n8n.audit.workflow.updated","message":"n8n.audit.workflow.updated","payload":{"userId":"8022dfae-34c0-45d1-8d37-d5e8da3ebd5d","_email":"jaenzo31@gmail.com","_firstName":"Enzo","_lastName":"JANY","globalRole":"global:owner","workflowId":"qujm4GB0CHFRlv7R","workflowName":"Gestion des dépenses"}}
{"__type":"$$EventMessageConfirm","confirm":"d8dd3f47-64bb-4774-a38e-931a3a323966","ts":"2025-12-23T15:35:08.175-05:00","source":{"id":"0","name":"eventBus"}}
{"__type":"$$EventMessageWorkflow","id":"cb6133d7-700f-47d9-bbd0-53fe465fbcc0","ts":"2025-12-23T15:45:49.045-05:00","eventName":"n8n.workflow.started","message":"n8n.workflow.started","payload":{"executionId":"149","workflowId":"qujm4GB0CHFRlv7R","isManual":false,"workflowName":"Gestion des dépenses"}}
{"__type":"$$EventMessageConfirm","confirm":"cb6133d7-700f-47d9-bbd0-53fe465fbcc0","ts":"2025-12-23T15:45:49.045-05:00","source":{"id":"0","name":"eventBus"}}
{"__type":"$$EventMessageNode","id":"1119c8b6-2b5f-4800-9c17-4baf9d12606e","ts":"2025-12-23T15:45:49.045-05:00","eventName":"n8n.node.started","message":"n8n.node.started","payload":{"workflowId":"qujm4GB0CHFRlv7R","workflowName":"Gestion des dépenses","executionId":"149","nodeType":"n8n-nodes-base.manualTrigger","nodeName":"When clicking ‘Execute workflow’","nodeId":"e549fd4f-3c46-48c1-855d-8673bccd0f65"}}
{"__type":"$$EventMessageConfirm","confirm":"1119c8b6-2b5f-4800-9c17-4baf9d12606e","ts":"2025-12-23T15:45:49.045-05:00","source":{"id":"0","name":"eventBus"}}
{"__type":"$$EventMessageNode","id":"c8b55018-7506-424c-953f-eebf43aaee7e","ts":"2025-12-23T15:45:49.046-05:00","eventName":"n8n.node.finished","message":"n8n.node.finished","payload":{"workflowId":"qujm4GB0CHFRlv7R","workflowName":"Gestion des dépenses","executionId":"149","nodeType":"n8n-nodes-base.manualTrigger","nodeName":"When clicking ‘Execute workflow’","nodeId":"e549fd4f-3c46-48c1-855d-8673bccd0f65"}}
{"__type":"$$EventMessageConfirm","confirm":"c8b55018-7506-424c-953f-eebf43aaee7e","ts":"2025-12-23T15:45:49.046-05:00","source":{"id":"0","name":"eventBus"}}
{"__type":"$$EventMessageNode","id":"66a1b68a-fc7d-44b1-99f6-cb120bb021cb","ts":"2025-12-23T15:45:49.047-05:00","eventName":"n8n.node.started","message":"n8n.node.started","payload":{"workflowId":"qujm4GB0CHFRlv7R","workflowName":"Gestion des dépenses","executionId":"149","nodeType":"n8n-nodes-base.readWriteFile","nodeName":"Read/Write Files from Disk","nodeId":"49aac05e-1400-4964-bc3e-63faecd3a1ac"}}
{"__type":"$$EventMessageConfirm","confirm":"66a1b68a-fc7d-44b1-99f6-cb120bb021cb","ts":"2025-12-23T15:45:49.047-05:00","source":{"id":"0","name":"eventBus"}}
{"__type":"$$EventMessageNode","id":"b300ba4b-6726-4bcc-9c44-046cd7821dd3","ts":"2025-12-23T15:45:49.071-05:00","eventName":"n8n.node.finished","message":"n8n.node.finished","payload":{"workflowId":"qujm4GB0CHFRlv7R","workflowName":"Gestion des dépenses","executionId":"149","nodeType":"n8n-nodes-base.readWriteFile","nodeName":"Read/Write Files from Disk","nodeId":"49aac05e-1400-4964-bc3e-63faecd3a1ac"}}
{"__type":"$$EventMessageConfirm","confirm":"b300ba4b-6726-4bcc-9c44-046cd7821dd3","ts":"2025-12-23T15:45:49.071-05:00","source":{"id":"0","name":"eventBus"}}
{"__type":"$$EventMessageNode","id":"03a7fd54-364c-4d4b-a128-fe11b9163c82","ts":"2025-12-23T15:45:49.071-05:00","eventName":"n8n.node.started","message":"n8n.node.started","payload":{"workflowId":"qujm4GB0CHFRlv7R","workflowName":"Gestion des dépenses","executionId":"149","nodeType":"n8n-nodes-base.extractFromFile","nodeName":"Extract from File","nodeId":"8f5f15c1-8ccb-4800-bfdd-a6a931360447"}}
{"__type":"$$EventMessageConfirm","confirm":"03a7fd54-364c-4d4b-a128-fe11b9163c82","ts":"2025-12-23T15:45:49.071-05:00","source":{"id":"0","name":"eventBus"}}
{"__type":"$$EventMessageNode","id":"99b691df-d5c3-4583-ad6b-9440607d25ea","ts":"2025-12-23T15:45:49.085-05:00","eventName":"n8n.node.finished","message":"n8n.node.finished","payload":{"workflowId":"qujm4GB0CHFRlv7R","workflowName":"Gestion des dépenses","executionId":"149","nodeType":"n8n-nodes-base.extractFromFile","nodeName":"Extract from File","nodeId":"8f5f15c1-8ccb-4800-bfdd-a6a931360447"}}
{"__type":"$$EventMessageConfirm","confirm":"99b691df-d5c3-4583-ad6b-9440607d25ea","ts":"2025-12-23T15:45:49.085-05:00","source":{"id":"0","name":"eventBus"}}
{"__type":"$$EventMessageNode","id":"48b9d020-9c90-42dc-9039-82af04f48a29","ts":"2025-12-23T15:45:49.086-05:00","eventName":"n8n.node.started","message":"n8n.node.started","payload":{"workflowId":"qujm4GB0CHFRlv7R","workflowName":"Gestion des dépenses","executionId":"149","nodeType":"n8n-nodes-base.set","nodeName":"Edit Fields","nodeId":"a6a1f126-2617-4dad-907e-73f8c38aecbb"}}
{"__type":"$$EventMessageConfirm","confirm":"48b9d020-9c90-42dc-9039-82af04f48a29","ts":"2025-12-23T15:45:49.086-05:00","source":{"id":"0","name":"eventBus"}}
{"__type":"$$EventMessageNode","id":"32aac580-0cfb-455f-8a09-4ebfb7612440","ts":"2025-12-23T15:45:49.181-05:00","eventName":"n8n.node.finished","message":"n8n.node.finished","payload":{"workflowId":"qujm4GB0CHFRlv7R","workflowName":"Gestion des dépenses","executionId":"149","nodeType":"n8n-nodes-base.set","nodeName":"Edit Fields","nodeId":"a6a1f126-2617-4dad-907e-73f8c38aecbb"}}
{"__type":"$$EventMessageConfirm","confirm":"32aac580-0cfb-455f-8a09-4ebfb7612440","ts":"2025-12-23T15:45:49.182-05:00","source":{"id":"0","name":"eventBus"}}
{"__type":"$$EventMessageNode","id":"9cd72c53-7190-4d8a-8176-dee1c43e8ed3","ts":"2025-12-23T15:45:49.182-05:00","eventName":"n8n.node.started","message":"n8n.node.started","payload":{"workflowId":"qujm4GB0CHFRlv7R","workflowName":"Gestion des dépenses","executionId":"149","nodeType":"n8n-nodes-base.notion","nodeName":"Create a database page","nodeId":"6ea202ea-6b54-4a8b-9e21-965ab06b3133"}}
{"__type":"$$EventMessageConfirm","confirm":"9cd72c53-7190-4d8a-8176-dee1c43e8ed3","ts":"2025-12-23T15:45:49.182-05:00","source":{"id":"0","name":"eventBus"}}
{"__type":"$$EventMessageNode","id":"914e8951-0891-43b6-9cc0-f36cfe132ccd","ts":"2025-12-23T15:47:57.359-05:00","eventName":"n8n.node.finished","message":"n8n.node.finished","payload":{"workflowId":"qujm4GB0CHFRlv7R","workflowName":"Gestion des dépenses","executionId":"149","nodeType":"n8n-nodes-base.notion","nodeName":"Create a database page","nodeId":"6ea202ea-6b54-4a8b-9e21-965ab06b3133"}}
{"__type":"$$EventMessageConfirm","confirm":"914e8951-0891-43b6-9cc0-f36cfe132ccd","ts":"2025-12-23T15:47:57.359-05:00","source":{"id":"0","name":"eventBus"}}
{"__type":"$$EventMessageWorkflow","id":"19469224-2bea-4ac0-9083-ac4460c9896a","ts":"2025-12-23T15:47:57.361-05:00","eventName":"n8n.workflow.success","message":"n8n.workflow.success","payload":{"userId":"8022dfae-34c0-45d1-8d37-d5e8da3ebd5d","executionId":"149","success":true,"isManual":true,"workflowId":"qujm4GB0CHFRlv7R","workflowName":"Gestion des dépenses"}}
{"__type":"$$EventMessageConfirm","confirm":"19469224-2bea-4ac0-9083-ac4460c9896a","ts":"2025-12-23T15:47:57.361-05:00","source":{"id":"0","name":"eventBus"}}
{"__type":"$$EventMessageWorkflow","id":"231dc8f7-86d3-42d1-b581-113acb6eb8dd","ts":"2025-12-23T16:02:07.613-05:00","eventName":"n8n.workflow.started","message":"n8n.workflow.started","payload":{"executionId":"150","workflowId":"qujm4GB0CHFRlv7R","isManual":false,"workflowName":"Gestion des dépenses"}}
{"__type":"$$EventMessageConfirm","confirm":"231dc8f7-86d3-42d1-b581-113acb6eb8dd","ts":"2025-12-23T16:02:07.614-05:00","source":{"id":"0","name":"eventBus"}}
{"__type":"$$EventMessageNode","id":"31b15635-52a9-4570-b5dc-2d37e8660c2a","ts":"2025-12-23T16:02:07.614-05:00","eventName":"n8n.node.started","message":"n8n.node.started","payload":{"workflowId":"qujm4GB0CHFRlv7R","workflowName":"Gestion des dépenses","executionId":"150","nodeType":"n8n-nodes-base.manualTrigger","nodeName":"When clicking ‘Execute workflow’","nodeId":"e549fd4f-3c46-48c1-855d-8673bccd0f65"}}
{"__type":"$$EventMessageConfirm","confirm":"31b15635-52a9-4570-b5dc-2d37e8660c2a","ts":"2025-12-23T16:02:07.614-05:00","source":{"id":"0","name":"eventBus"}}
{"__type":"$$EventMessageNode","id":"d6acbdb4-11f6-47e2-b472-69d78cda4074","ts":"2025-12-23T16:02:07.614-05:00","eventName":"n8n.node.finished","message":"n8n.node.finished","payload":{"workflowId":"qujm4GB0CHFRlv7R","workflowName":"Gestion des dépenses","executionId":"150","nodeType":"n8n-nodes-base.manualTrigger","nodeName":"When clicking ‘Execute workflow’","nodeId":"e549fd4f-3c46-48c1-855d-8673bccd0f65"}}
{"__type":"$$EventMessageConfirm","confirm":"d6acbdb4-11f6-47e2-b472-69d78cda4074","ts":"2025-12-23T16:02:07.614-05:00","source":{"id":"0","name":"eventBus"}}
{"__type":"$$EventMessageNode","id":"98527383-a3d3-43af-a72e-bfecd69e5b42","ts":"2025-12-23T16:02:07.614-05:00","eventName":"n8n.node.started","message":"n8n.node.started","payload":{"workflowId":"qujm4GB0CHFRlv7R","workflowName":"Gestion des dépenses","executionId":"150","nodeType":"n8n-nodes-base.readWriteFile","nodeName":"Read/Write Files from Disk","nodeId":"49aac05e-1400-4964-bc3e-63faecd3a1ac"}}
{"__type":"$$EventMessageConfirm","confirm":"98527383-a3d3-43af-a72e-bfecd69e5b42","ts":"2025-12-23T16:02:07.615-05:00","source":{"id":"0","name":"eventBus"}}
{"__type":"$$EventMessageNode","id":"5d4f9939-c54e-4636-9d69-d1d77be17f55","ts":"2025-12-23T16:02:07.639-05:00","eventName":"n8n.node.finished","message":"n8n.node.finished","payload":{"workflowId":"qujm4GB0CHFRlv7R","workflowName":"Gestion des dépenses","executionId":"150","nodeType":"n8n-nodes-base.readWriteFile","nodeName":"Read/Write Files from Disk","nodeId":"49aac05e-1400-4964-bc3e-63faecd3a1ac"}}
{"__type":"$$EventMessageConfirm","confirm":"5d4f9939-c54e-4636-9d69-d1d77be17f55","ts":"2025-12-23T16:02:07.639-05:00","source":{"id":"0","name":"eventBus"}}
{"__type":"$$EventMessageNode","id":"a3ec5c27-4fdb-480c-8a07-eae175024a2b","ts":"2025-12-23T16:02:07.640-05:00","eventName":"n8n.node.started","message":"n8n.node.started","payload":{"workflowId":"qujm4GB0CHFRlv7R","workflowName":"Gestion des dépenses","executionId":"150","nodeType":"n8n-nodes-base.extractFromFile","nodeName":"Extract from File","nodeId":"8f5f15c1-8ccb-4800-bfdd-a6a931360447"}}
{"__type":"$$EventMessageConfirm","confirm":"a3ec5c27-4fdb-480c-8a07-eae175024a2b","ts":"2025-12-23T16:02:07.640-05:00","source":{"id":"0","name":"eventBus"}}
{"__type":"$$EventMessageNode","id":"d0eefe43-8f8c-4bfb-98e4-67e340e67717","ts":"2025-12-23T16:02:07.648-05:00","eventName":"n8n.node.finished","message":"n8n.node.finished","payload":{"workflowId":"qujm4GB0CHFRlv7R","workflowName":"Gestion des dépenses","executionId":"150","nodeType":"n8n-nodes-base.extractFromFile","nodeName":"Extract from File","nodeId":"8f5f15c1-8ccb-4800-bfdd-a6a931360447"}}
{"__type":"$$EventMessageConfirm","confirm":"d0eefe43-8f8c-4bfb-98e4-67e340e67717","ts":"2025-12-23T16:02:07.649-05:00","source":{"id":"0","name":"eventBus"}}
{"__type":"$$EventMessageNode","id":"b6fb3123-01ff-4782-9cde-b261b66a946a","ts":"2025-12-23T16:02:07.650-05:00","eventName":"n8n.node.started","message":"n8n.node.started","payload":{"workflowId":"qujm4GB0CHFRlv7R","workflowName":"Gestion des dépenses","executionId":"150","nodeType":"n8n-nodes-base.set","nodeName":"Edit Fields","nodeId":"a6a1f126-2617-4dad-907e-73f8c38aecbb"}}
{"__type":"$$EventMessageConfirm","confirm":"b6fb3123-01ff-4782-9cde-b261b66a946a","ts":"2025-12-23T16:02:07.650-05:00","source":{"id":"0","name":"eventBus"}}
{"__type":"$$EventMessageNode","id":"a1aefb64-f1a7-4aa3-bb6c-cbe851c39973","ts":"2025-12-23T16:02:07.664-05:00","eventName":"n8n.node.finished","message":"n8n.node.finished","payload":{"workflowId":"qujm4GB0CHFRlv7R","workflowName":"Gestion des dépenses","executionId":"150","nodeType":"n8n-nodes-base.set","nodeName":"Edit Fields","nodeId":"a6a1f126-2617-4dad-907e-73f8c38aecbb"}}
{"__type":"$$EventMessageConfirm","confirm":"a1aefb64-f1a7-4aa3-bb6c-cbe851c39973","ts":"2025-12-23T16:02:07.664-05:00","source":{"id":"0","name":"eventBus"}}
{"__type":"$$EventMessageNode","id":"ccd16afc-79e5-488a-a351-df97d160a0fc","ts":"2025-12-23T16:02:07.665-05:00","eventName":"n8n.node.started","message":"n8n.node.started","payload":{"workflowId":"qujm4GB0CHFRlv7R","workflowName":"Gestion des dépenses","executionId":"150","nodeType":"n8n-nodes-base.notion","nodeName":"Create a database page","nodeId":"6ea202ea-6b54-4a8b-9e21-965ab06b3133"}}
{"__type":"$$EventMessageConfirm","confirm":"ccd16afc-79e5-488a-a351-df97d160a0fc","ts":"2025-12-23T16:02:07.665-05:00","source":{"id":"0","name":"eventBus"}}
{"__type":"$$EventMessageNode","id":"a25d16c4-8bcb-459a-ba31-4324f6665a7a","ts":"2025-12-23T16:02:29.469-05:00","eventName":"n8n.node.finished","message":"n8n.node.finished","payload":{"workflowId":"qujm4GB0CHFRlv7R","workflowName":"Gestion des dépenses","executionId":"150","nodeType":"n8n-nodes-base.notion","nodeName":"Create a database page","nodeId":"6ea202ea-6b54-4a8b-9e21-965ab06b3133"}}
{"__type":"$$EventMessageConfirm","confirm":"a25d16c4-8bcb-459a-ba31-4324f6665a7a","ts":"2025-12-23T16:02:29.469-05:00","source":{"id":"0","name":"eventBus"}}
{"__type":"$$EventMessageWorkflow","id":"8798a9ff-6472-45bc-8ed2-218c9352c12a","ts":"2025-12-23T16:02:29.472-05:00","eventName":"n8n.workflow.success","message":"n8n.workflow.success","payload":{"userId":"8022dfae-34c0-45d1-8d37-d5e8da3ebd5d","executionId":"150","success":true,"isManual":true,"workflowId":"qujm4GB0CHFRlv7R","workflowName":"Gestion des dépenses"}}
{"__type":"$$EventMessageConfirm","confirm":"8798a9ff-6472-45bc-8ed2-218c9352c12a","ts":"2025-12-23T16:02:29.472-05:00","source":{"id":"0","name":"eventBus"}}
{"__type":"$$EventMessageAudit","id":"2d467fee-b60c-48fb-a08b-96b67427c8a0","ts":"2025-12-23T16:07:40.346-05:00","eventName":"n8n.audit.workflow.updated","message":"n8n.audit.workflow.updated","payload":{"userId":"8022dfae-34c0-45d1-8d37-d5e8da3ebd5d","_email":"jaenzo31@gmail.com","_firstName":"Enzo","_lastName":"JANY","globalRole":"global:owner","workflowId":"qujm4GB0CHFRlv7R","workflowName":"Gestion des dépenses"}}
{"__type":"$$EventMessageConfirm","confirm":"2d467fee-b60c-48fb-a08b-96b67427c8a0","ts":"2025-12-23T16:07:40.346-05:00","source":{"id":"0","name":"eventBus"}}
{"__type":"$$EventMessageWorkflow","id":"f08d0d76-f954-4fe3-967f-c0eaef2951ff","ts":"2025-12-23T16:12:46.864-05:00","eventName":"n8n.workflow.started","message":"n8n.workflow.started","payload":{"executionId":"151","workflowId":"qujm4GB0CHFRlv7R","isManual":false,"workflowName":"Gestion des dépenses"}}
{"__type":"$$EventMessageConfirm","confirm":"f08d0d76-f954-4fe3-967f-c0eaef2951ff","ts":"2025-12-23T16:12:46.864-05:00","source":{"id":"0","name":"eventBus"}}
{"__type":"$$EventMessageNode","id":"ef69000f-9a29-4d37-9cf0-7cec9f144c70","ts":"2025-12-23T16:12:46.865-05:00","eventName":"n8n.node.started","message":"n8n.node.started","payload":{"workflowId":"qujm4GB0CHFRlv7R","workflowName":"Gestion des dépenses","executionId":"151","nodeType":"n8n-nodes-base.manualTrigger","nodeName":"When clicking ‘Execute workflow’","nodeId":"e549fd4f-3c46-48c1-855d-8673bccd0f65"}}
{"__type":"$$EventMessageConfirm","confirm":"ef69000f-9a29-4d37-9cf0-7cec9f144c70","ts":"2025-12-23T16:12:46.866-05:00","source":{"id":"0","name":"eventBus"}}
{"__type":"$$EventMessageNode","id":"6950f330-cfb4-4e0b-bdf4-5f7e9b5c7932","ts":"2025-12-23T16:12:46.867-05:00","eventName":"n8n.node.finished","message":"n8n.node.finished","payload":{"workflowId":"qujm4GB0CHFRlv7R","workflowName":"Gestion des dépenses","executionId":"151","nodeType":"n8n-nodes-base.manualTrigger","nodeName":"When clicking ‘Execute workflow’","nodeId":"e549fd4f-3c46-48c1-855d-8673bccd0f65"}}
{"__type":"$$EventMessageConfirm","confirm":"6950f330-cfb4-4e0b-bdf4-5f7e9b5c7932","ts":"2025-12-23T16:12:46.867-05:00","source":{"id":"0","name":"eventBus"}}
{"__type":"$$EventMessageNode","id":"b2052627-b938-414d-a2c1-cb4f23ecda27","ts":"2025-12-23T16:12:46.867-05:00","eventName":"n8n.node.started","message":"n8n.node.started","payload":{"workflowId":"qujm4GB0CHFRlv7R","workflowName":"Gestion des dépenses","executionId":"151","nodeType":"n8n-nodes-base.readWriteFile","nodeName":"Read/Write Files from Disk","nodeId":"49aac05e-1400-4964-bc3e-63faecd3a1ac"}}
{"__type":"$$EventMessageConfirm","confirm":"b2052627-b938-414d-a2c1-cb4f23ecda27","ts":"2025-12-23T16:12:46.867-05:00","source":{"id":"0","name":"eventBus"}}
{"__type":"$$EventMessageNode","id":"f6eb464f-73e0-47cb-a36c-58eaabe3d37f","ts":"2025-12-23T16:12:46.893-05:00","eventName":"n8n.node.finished","message":"n8n.node.finished","payload":{"workflowId":"qujm4GB0CHFRlv7R","workflowName":"Gestion des dépenses","executionId":"151","nodeType":"n8n-nodes-base.readWriteFile","nodeName":"Read/Write Files from Disk","nodeId":"49aac05e-1400-4964-bc3e-63faecd3a1ac"}}
{"__type":"$$EventMessageConfirm","confirm":"f6eb464f-73e0-47cb-a36c-58eaabe3d37f","ts":"2025-12-23T16:12:46.893-05:00","source":{"id":"0","name":"eventBus"}}
{"__type":"$$EventMessageNode","id":"673e7a4b-9e34-4bd2-b20f-239386a74163","ts":"2025-12-23T16:12:46.894-05:00","eventName":"n8n.node.started","message":"n8n.node.started","payload":{"workflowId":"qujm4GB0CHFRlv7R","workflowName":"Gestion des dépenses","executionId":"151","nodeType":"n8n-nodes-base.extractFromFile","nodeName":"Extract from File","nodeId":"8f5f15c1-8ccb-4800-bfdd-a6a931360447"}}
{"__type":"$$EventMessageConfirm","confirm":"673e7a4b-9e34-4bd2-b20f-239386a74163","ts":"2025-12-23T16:12:46.894-05:00","source":{"id":"0","name":"eventBus"}}
{"__type":"$$EventMessageNode","id":"6fb2b983-a018-4f3e-84fd-1d0991339cab","ts":"2025-12-23T16:12:46.902-05:00","eventName":"n8n.node.finished","message":"n8n.node.finished","payload":{"workflowId":"qujm4GB0CHFRlv7R","workflowName":"Gestion des dépenses","executionId":"151","nodeType":"n8n-nodes-base.extractFromFile","nodeName":"Extract from File","nodeId":"8f5f15c1-8ccb-4800-bfdd-a6a931360447"}}
{"__type":"$$EventMessageConfirm","confirm":"6fb2b983-a018-4f3e-84fd-1d0991339cab","ts":"2025-12-23T16:12:46.902-05:00","source":{"id":"0","name":"eventBus"}}
{"__type":"$$EventMessageNode","id":"3158d371-6ee5-4000-b8f4-48a081801c17","ts":"2025-12-23T16:12:46.903-05:00","eventName":"n8n.node.started","message":"n8n.node.started","payload":{"workflowId":"qujm4GB0CHFRlv7R","workflowName":"Gestion des dépenses","executionId":"151","nodeType":"n8n-nodes-base.set","nodeName":"Edit Fields","nodeId":"a6a1f126-2617-4dad-907e-73f8c38aecbb"}}
{"__type":"$$EventMessageConfirm","confirm":"3158d371-6ee5-4000-b8f4-48a081801c17","ts":"2025-12-23T16:12:46.903-05:00","source":{"id":"0","name":"eventBus"}}
{"__type":"$$EventMessageNode","id":"87cb3255-a118-46a5-8e9a-c9675212e85f","ts":"2025-12-23T16:12:46.948-05:00","eventName":"n8n.node.finished","message":"n8n.node.finished","payload":{"workflowId":"qujm4GB0CHFRlv7R","workflowName":"Gestion des dépenses","executionId":"151","nodeType":"n8n-nodes-base.set","nodeName":"Edit Fields","nodeId":"a6a1f126-2617-4dad-907e-73f8c38aecbb"}}
{"__type":"$$EventMessageConfirm","confirm":"87cb3255-a118-46a5-8e9a-c9675212e85f","ts":"2025-12-23T16:12:46.949-05:00","source":{"id":"0","name":"eventBus"}}
{"__type":"$$EventMessageNode","id":"d72393c0-3baf-4d2e-8634-b7e2a0cc5533","ts":"2025-12-23T16:12:46.949-05:00","eventName":"n8n.node.started","message":"n8n.node.started","payload":{"workflowId":"qujm4GB0CHFRlv7R","workflowName":"Gestion des dépenses","executionId":"151","nodeType":"n8n-nodes-base.notion","nodeName":"Create a database page","nodeId":"6ea202ea-6b54-4a8b-9e21-965ab06b3133"}}
{"__type":"$$EventMessageConfirm","confirm":"d72393c0-3baf-4d2e-8634-b7e2a0cc5533","ts":"2025-12-23T16:12:46.949-05:00","source":{"id":"0","name":"eventBus"}}
{"__type":"$$EventMessageNode","id":"17ff60f4-c615-4fee-a67c-425df7f9496c","ts":"2025-12-23T16:13:09.262-05:00","eventName":"n8n.node.finished","message":"n8n.node.finished","payload":{"workflowId":"qujm4GB0CHFRlv7R","workflowName":"Gestion des dépenses","executionId":"151","nodeType":"n8n-nodes-base.notion","nodeName":"Create a database page","nodeId":"6ea202ea-6b54-4a8b-9e21-965ab06b3133"}}
{"__type":"$$EventMessageConfirm","confirm":"17ff60f4-c615-4fee-a67c-425df7f9496c","ts":"2025-12-23T16:13:09.262-05:00","source":{"id":"0","name":"eventBus"}}
{"__type":"$$EventMessageWorkflow","id":"1768103d-a627-4f40-b28d-aa7fa64ab19c","ts":"2025-12-23T16:13:09.265-05:00","eventName":"n8n.workflow.success","message":"n8n.workflow.success","payload":{"userId":"8022dfae-34c0-45d1-8d37-d5e8da3ebd5d","executionId":"151","success":true,"isManual":true,"workflowId":"qujm4GB0CHFRlv7R","workflowName":"Gestion des dépenses"}}
{"__type":"$$EventMessageConfirm","confirm":"1768103d-a627-4f40-b28d-aa7fa64ab19c","ts":"2025-12-23T16:13:09.265-05:00","source":{"id":"0","name":"eventBus"}}
