{"__type":"$$EventMessageWorkflow","id":"f2677da9-b3ef-4218-b9e0-d59c2fb73ba3","ts":"2025-12-22T18:47:25.323+00:00","eventName":"n8n.workflow.started","message":"n8n.workflow.started","payload":{"executionId":"115","workflowId":"qujm4GB0CHFRlv7R","isManual":false,"workflowName":"Gestion des dépenses"}}
{"__type":"$$EventMessageConfirm","confirm":"f2677da9-b3ef-4218-b9e0-d59c2fb73ba3","ts":"2025-12-22T18:47:25.324+00:00","source":{"id":"0","name":"eventBus"}}
{"__type":"$$EventMessageNode","id":"db29af8f-3d11-4319-8bcb-0f2223636d2f","ts":"2025-12-22T18:47:25.329+00:00","eventName":"n8n.node.started","message":"n8n.node.started","payload":{"workflowId":"qujm4GB0CHFRlv7R","workflowName":"Gestion des dépenses","executionId":"115","nodeType":"n8n-nodes-base.manualTrigger","nodeName":"When clicking ‘Execute workflow’","nodeId":"e549fd4f-3c46-48c1-855d-8673bccd0f65"}}
{"__type":"$$EventMessageConfirm","confirm":"db29af8f-3d11-4319-8bcb-0f2223636d2f","ts":"2025-12-22T18:47:25.329+00:00","source":{"id":"0","name":"eventBus"}}
{"__type":"$$EventMessageNode","id":"a574220c-3247-4ea2-85e7-1da24159abe9","ts":"2025-12-22T18:47:25.337+00:00","eventName":"n8n.node.finished","message":"n8n.node.finished","payload":{"workflowId":"qujm4GB0CHFRlv7R","workflowName":"Gestion des dépenses","executionId":"115","nodeType":"n8n-nodes-base.manualTrigger","nodeName":"When clicking ‘Execute workflow’","nodeId":"e549fd4f-3c46-48c1-855d-8673bccd0f65"}}
{"__type":"$$EventMessageConfirm","confirm":"a574220c-3247-4ea2-85e7-1da24159abe9","ts":"2025-12-22T18:47:25.337+00:00","source":{"id":"0","name":"eventBus"}}
{"__type":"$$EventMessageNode","id":"eb2610bc-3424-46f3-91f9-c11ac0a5aaf2","ts":"2025-12-22T18:47:25.338+00:00","eventName":"n8n.node.started","message":"n8n.node.started","payload":{"workflowId":"qujm4GB0CHFRlv7R","workflowName":"Gestion des dépenses","executionId":"115","nodeType":"n8n-nodes-base.readWriteFile","nodeName":"Read/Write Files from Disk","nodeId":"49aac05e-1400-4964-bc3e-63faecd3a1ac"}}
{"__type":"$$EventMessageConfirm","confirm":"eb2610bc-3424-46f3-91f9-c11ac0a5aaf2","ts":"2025-12-22T18:47:25.338+00:00","source":{"id":"0","name":"eventBus"}}
{"__type":"$$EventMessageNode","id":"5e9ef4ae-0c52-47fb-a4e4-0af4e44c58a0","ts":"2025-12-22T18:47:25.460+00:00","eventName":"n8n.node.finished","message":"n8n.node.finished","payload":{"workflowId":"qujm4GB0CHFRlv7R","workflowName":"Gestion des dépenses","executionId":"115","nodeType":"n8n-nodes-base.readWriteFile","nodeName":"Read/Write Files from Disk","nodeId":"49aac05e-1400-4964-bc3e-63faecd3a1ac"}}
{"__type":"$$EventMessageConfirm","confirm":"5e9ef4ae-0c52-47fb-a4e4-0af4e44c58a0","ts":"2025-12-22T18:47:25.461+00:00","source":{"id":"0","name":"eventBus"}}
{"__type":"$$EventMessageNode","id":"fd946c95-1ec2-4786-b492-992c54a59bb3","ts":"2025-12-22T18:47:25.461+00:00","eventName":"n8n.node.started","message":"n8n.node.started","payload":{"workflowId":"qujm4GB0CHFRlv7R","workflowName":"Gestion des dépenses","executionId":"115","nodeType":"n8n-nodes-base.extractFromFile","nodeName":"Extract from File","nodeId":"8f5f15c1-8ccb-4800-bfdd-a6a931360447"}}
{"__type":"$$EventMessageConfirm","confirm":"fd946c95-1ec2-4786-b492-992c54a59bb3","ts":"2025-12-22T18:47:25.461+00:00","source":{"id":"0","name":"eventBus"}}
{"__type":"$$EventMessageNode","id":"18d1ef1c-8cd4-42a1-9078-c448b2b96d62","ts":"2025-12-22T18:47:25.478+00:00","eventName":"n8n.node.finished","message":"n8n.node.finished","payload":{"workflowId":"qujm4GB0CHFRlv7R","workflowName":"Gestion des dépenses","executionId":"115","nodeType":"n8n-nodes-base.extractFromFile","nodeName":"Extract from File","nodeId":"8f5f15c1-8ccb-4800-bfdd-a6a931360447"}}
{"__type":"$$EventMessageConfirm","confirm":"18d1ef1c-8cd4-42a1-9078-c448b2b96d62","ts":"2025-12-22T18:47:25.478+00:00","source":{"id":"0","name":"eventBus"}}
{"__type":"$$EventMessageNode","id":"32a36062-7a04-4767-8032-9ed64f7125f7","ts":"2025-12-22T18:47:25.478+00:00","eventName":"n8n.node.started","message":"n8n.node.started","payload":{"workflowId":"qujm4GB0CHFRlv7R","workflowName":"Gestion des dépenses","executionId":"115","nodeType":"n8n-nodes-base.set","nodeName":"Edit Fields","nodeId":"a6a1f126-2617-4dad-907e-73f8c38aecbb"}}
{"__type":"$$EventMessageConfirm","confirm":"32a36062-7a04-4767-8032-9ed64f7125f7","ts":"2025-12-22T18:47:25.478+00:00","source":{"id":"0","name":"eventBus"}}
{"__type":"$$EventMessageNode","id":"e93af848-af97-449a-9728-d1dd1d372f6e","ts":"2025-12-22T13:47:25.589-05:00","eventName":"n8n.node.finished","message":"n8n.node.finished","payload":{"workflowId":"qujm4GB0CHFRlv7R","workflowName":"Gestion des dépenses","executionId":"115","nodeType":"n8n-nodes-base.set","nodeName":"Edit Fields","nodeId":"a6a1f126-2617-4dad-907e-73f8c38aecbb"}}
{"__type":"$$EventMessageConfirm","confirm":"e93af848-af97-449a-9728-d1dd1d372f6e","ts":"2025-12-22T13:47:25.590-05:00","source":{"id":"0","name":"eventBus"}}
{"__type":"$$EventMessageNode","id":"279a6ae0-1efc-402e-82ae-4b6fc1adde47","ts":"2025-12-22T13:47:25.590-05:00","eventName":"n8n.node.started","message":"n8n.node.started","payload":{"workflowId":"qujm4GB0CHFRlv7R","workflowName":"Gestion des dépenses","executionId":"115","nodeType":"n8n-nodes-base.notion","nodeName":"Create a database page","nodeId":"6ea202ea-6b54-4a8b-9e21-965ab06b3133"}}
{"__type":"$$EventMessageConfirm","confirm":"279a6ae0-1efc-402e-82ae-4b6fc1adde47","ts":"2025-12-22T13:47:25.590-05:00","source":{"id":"0","name":"eventBus"}}
{"__type":"$$EventMessageNode","id":"f2baade1-0dd3-4e4e-8b5a-273c278f623b","ts":"2025-12-22T13:47:28.204-05:00","eventName":"n8n.node.finished","message":"n8n.node.finished","payload":{"workflowId":"qujm4GB0CHFRlv7R","workflowName":"Gestion des dépenses","executionId":"115","nodeType":"n8n-nodes-base.notion","nodeName":"Create a database page","nodeId":"6ea202ea-6b54-4a8b-9e21-965ab06b3133"}}
{"__type":"$$EventMessageConfirm","confirm":"f2baade1-0dd3-4e4e-8b5a-273c278f623b","ts":"2025-12-22T13:47:28.204-05:00","source":{"id":"0","name":"eventBus"}}
{"__type":"$$EventMessageWorkflow","id":"4891d1e3-2165-4279-8a02-c648651d5d17","ts":"2025-12-22T13:47:28.210-05:00","eventName":"n8n.workflow.success","message":"n8n.workflow.success","payload":{"userId":"8022dfae-34c0-45d1-8d37-d5e8da3ebd5d","executionId":"115","success":true,"isManual":true,"workflowId":"qujm4GB0CHFRlv7R","workflowName":"Gestion des dépenses"}}
{"__type":"$$EventMessageConfirm","confirm":"4891d1e3-2165-4279-8a02-c648651d5d17","ts":"2025-12-22T13:47:28.211-05:00","source":{"id":"0","name":"eventBus"}}
{"__type":"$$EventMessageWorkflow","id":"d03c92a6-9568-4042-9751-ac216cfc938a","ts":"2025-12-22T13:49:10.993-05:00","eventName":"n8n.workflow.started","message":"n8n.workflow.started","payload":{"executionId":"116","workflowId":"qujm4GB0CHFRlv7R","isManual":false,"workflowName":"Gestion des dépenses"}}
{"__type":"$$EventMessageConfirm","confirm":"d03c92a6-9568-4042-9751-ac216cfc938a","ts":"2025-12-22T13:49:10.993-05:00","source":{"id":"0","name":"eventBus"}}
{"__type":"$$EventMessageNode","id":"a39cb30f-5ef6-46ce-a20e-3a80339c3cf0","ts":"2025-12-22T13:49:10.994-05:00","eventName":"n8n.node.started","message":"n8n.node.started","payload":{"workflowId":"qujm4GB0CHFRlv7R","workflowName":"Gestion des dépenses","executionId":"116","nodeType":"n8n-nodes-base.manualTrigger","nodeName":"When clicking ‘Execute workflow’","nodeId":"e549fd4f-3c46-48c1-855d-8673bccd0f65"}}
{"__type":"$$EventMessageConfirm","confirm":"a39cb30f-5ef6-46ce-a20e-3a80339c3cf0","ts":"2025-12-22T13:49:10.994-05:00","source":{"id":"0","name":"eventBus"}}
{"__type":"$$EventMessageNode","id":"811163a4-a5cf-4701-b97f-fa934269c9ff","ts":"2025-12-22T13:49:10.994-05:00","eventName":"n8n.node.finished","message":"n8n.node.finished","payload":{"workflowId":"qujm4GB0CHFRlv7R","workflowName":"Gestion des dépenses","executionId":"116","nodeType":"n8n-nodes-base.manualTrigger","nodeName":"When clicking ‘Execute workflow’","nodeId":"e549fd4f-3c46-48c1-855d-8673bccd0f65"}}
{"__type":"$$EventMessageConfirm","confirm":"811163a4-a5cf-4701-b97f-fa934269c9ff","ts":"2025-12-22T13:49:10.994-05:00","source":{"id":"0","name":"eventBus"}}
{"__type":"$$EventMessageNode","id":"d69fe38e-2cc7-44a0-919a-0fad280f00d0","ts":"2025-12-22T13:49:10.995-05:00","eventName":"n8n.node.started","message":"n8n.node.started","payload":{"workflowId":"qujm4GB0CHFRlv7R","workflowName":"Gestion des dépenses","executionId":"116","nodeType":"n8n-nodes-base.readWriteFile","nodeName":"Read/Write Files from Disk","nodeId":"49aac05e-1400-4964-bc3e-63faecd3a1ac"}}
{"__type":"$$EventMessageConfirm","confirm":"d69fe38e-2cc7-44a0-919a-0fad280f00d0","ts":"2025-12-22T13:49:10.995-05:00","source":{"id":"0","name":"eventBus"}}
{"__type":"$$EventMessageNode","id":"a6b2d13b-3a38-42a4-b26b-7c44fa00f264","ts":"2025-12-22T13:49:11.036-05:00","eventName":"n8n.node.finished","message":"n8n.node.finished","payload":{"workflowId":"qujm4GB0CHFRlv7R","workflowName":"Gestion des dépenses","executionId":"116","nodeType":"n8n-nodes-base.readWriteFile","nodeName":"Read/Write Files from Disk","nodeId":"49aac05e-1400-4964-bc3e-63faecd3a1ac"}}
{"__type":"$$EventMessageConfirm","confirm":"a6b2d13b-3a38-42a4-b26b-7c44fa00f264","ts":"2025-12-22T13:49:11.036-05:00","source":{"id":"0","name":"eventBus"}}
{"__type":"$$EventMessageNode","id":"289d7927-d5a2-41f2-b0d0-c7ceca60840d","ts":"2025-12-22T13:49:11.037-05:00","eventName":"n8n.node.started","message":"n8n.node.started","payload":{"workflowId":"qujm4GB0CHFRlv7R","workflowName":"Gestion des dépenses","executionId":"116","nodeType":"n8n-nodes-base.extractFromFile","nodeName":"Extract from File","nodeId":"8f5f15c1-8ccb-4800-bfdd-a6a931360447"}}
{"__type":"$$EventMessageConfirm","confirm":"289d7927-d5a2-41f2-b0d0-c7ceca60840d","ts":"2025-12-22T13:49:11.037-05:00","source":{"id":"0","name":"eventBus"}}
{"__type":"$$EventMessageNode","id":"cb49851f-137e-4828-b9e4-aa13d5ebdfe8","ts":"2025-12-22T13:49:11.051-05:00","eventName":"n8n.node.finished","message":"n8n.node.finished","payload":{"workflowId":"qujm4GB0CHFRlv7R","workflowName":"Gestion des dépenses","executionId":"116","nodeType":"n8n-nodes-base.extractFromFile","nodeName":"Extract from File","nodeId":"8f5f15c1-8ccb-4800-bfdd-a6a931360447"}}
{"__type":"$$EventMessageConfirm","confirm":"cb49851f-137e-4828-b9e4-aa13d5ebdfe8","ts":"2025-12-22T13:49:11.051-05:00","source":{"id":"0","name":"eventBus"}}
{"__type":"$$EventMessageNode","id":"7198d4de-9ca4-4edb-8891-26169d548f7f","ts":"2025-12-22T13:49:11.052-05:00","eventName":"n8n.node.started","message":"n8n.node.started","payload":{"workflowId":"qujm4GB0CHFRlv7R","workflowName":"Gestion des dépenses","executionId":"116","nodeType":"n8n-nodes-base.set","nodeName":"Edit Fields","nodeId":"a6a1f126-2617-4dad-907e-73f8c38aecbb"}}
{"__type":"$$EventMessageConfirm","confirm":"7198d4de-9ca4-4edb-8891-26169d548f7f","ts":"2025-12-22T13:49:11.052-05:00","source":{"id":"0","name":"eventBus"}}
{"__type":"$$EventMessageNode","id":"d2b4680b-27f0-42ed-bfde-d3c44ceb6f52","ts":"2025-12-22T13:49:11.064-05:00","eventName":"n8n.node.finished","message":"n8n.node.finished","payload":{"workflowId":"qujm4GB0CHFRlv7R","workflowName":"Gestion des dépenses","executionId":"116","nodeType":"n8n-nodes-base.set","nodeName":"Edit Fields","nodeId":"a6a1f126-2617-4dad-907e-73f8c38aecbb"}}
{"__type":"$$EventMessageConfirm","confirm":"d2b4680b-27f0-42ed-bfde-d3c44ceb6f52","ts":"2025-12-22T13:49:11.064-05:00","source":{"id":"0","name":"eventBus"}}
{"__type":"$$EventMessageNode","id":"0889d930-74d6-41c8-b8f9-a22c897df865","ts":"2025-12-22T13:49:11.065-05:00","eventName":"n8n.node.started","message":"n8n.node.started","payload":{"workflowId":"qujm4GB0CHFRlv7R","workflowName":"Gestion des dépenses","executionId":"116","nodeType":"n8n-nodes-base.notion","nodeName":"Create a database page","nodeId":"6ea202ea-6b54-4a8b-9e21-965ab06b3133"}}
{"__type":"$$EventMessageConfirm","confirm":"0889d930-74d6-41c8-b8f9-a22c897df865","ts":"2025-12-22T13:49:11.065-05:00","source":{"id":"0","name":"eventBus"}}
{"__type":"$$EventMessageNode","id":"0008ccc6-6822-443c-8e57-7079cee07be2","ts":"2025-12-22T13:49:24.139-05:00","eventName":"n8n.node.finished","message":"n8n.node.finished","payload":{"workflowId":"qujm4GB0CHFRlv7R","workflowName":"Gestion des dépenses","executionId":"116","nodeType":"n8n-nodes-base.notion","nodeName":"Create a database page","nodeId":"6ea202ea-6b54-4a8b-9e21-965ab06b3133"}}
{"__type":"$$EventMessageConfirm","confirm":"0008ccc6-6822-443c-8e57-7079cee07be2","ts":"2025-12-22T13:49:24.139-05:00","source":{"id":"0","name":"eventBus"}}
{"__type":"$$EventMessageWorkflow","id":"6a8dd4a0-f132-42b8-aadb-daf929cb33af","ts":"2025-12-22T13:49:24.142-05:00","eventName":"n8n.workflow.success","message":"n8n.workflow.success","payload":{"userId":"8022dfae-34c0-45d1-8d37-d5e8da3ebd5d","executionId":"116","success":true,"isManual":true,"workflowId":"qujm4GB0CHFRlv7R","workflowName":"Gestion des dépenses"}}
{"__type":"$$EventMessageConfirm","confirm":"6a8dd4a0-f132-42b8-aadb-daf929cb33af","ts":"2025-12-22T13:49:24.142-05:00","source":{"id":"0","name":"eventBus"}}
{"__type":"$$EventMessageAudit","id":"2fd87619-c5c6-479f-939a-b0dcc6c7eb2a","ts":"2025-12-22T14:36:44.370-05:00","eventName":"n8n.audit.workflow.updated","message":"n8n.audit.workflow.updated","payload":{"userId":"8022dfae-34c0-45d1-8d37-d5e8da3ebd5d","_email":"jaenzo31@gmail.com","_firstName":"Enzo","_lastName":"JANY","globalRole":"global:owner","workflowId":"qujm4GB0CHFRlv7R","workflowName":"Gestion des dépenses"}}
{"__type":"$$EventMessageConfirm","confirm":"2fd87619-c5c6-479f-939a-b0dcc6c7eb2a","ts":"2025-12-22T14:36:44.370-05:00","source":{"id":"0","name":"eventBus"}}
{"__type":"$$EventMessageWorkflow","id":"b159ce5e-36eb-4587-a003-7b4c66b40f9c","ts":"2025-12-22T14:36:48.724-05:00","eventName":"n8n.workflow.started","message":"n8n.workflow.started","payload":{"executionId":"117","workflowId":"qujm4GB0CHFRlv7R","isManual":false,"workflowName":"Gestion des dépenses"}}
{"__type":"$$EventMessageConfirm","confirm":"b159ce5e-36eb-4587-a003-7b4c66b40f9c","ts":"2025-12-22T14:36:48.724-05:00","source":{"id":"0","name":"eventBus"}}
{"__type":"$$EventMessageNode","id":"a3f6c55f-20f0-407b-a89b-3590a1ef34f6","ts":"2025-12-22T14:36:48.725-05:00","eventName":"n8n.node.started","message":"n8n.node.started","payload":{"workflowId":"qujm4GB0CHFRlv7R","workflowName":"Gestion des dépenses","executionId":"117","nodeType":"n8n-nodes-base.manualTrigger","nodeName":"When clicking ‘Execute workflow’","nodeId":"e549fd4f-3c46-48c1-855d-8673bccd0f65"}}
{"__type":"$$EventMessageConfirm","confirm":"a3f6c55f-20f0-407b-a89b-3590a1ef34f6","ts":"2025-12-22T14:36:48.725-05:00","source":{"id":"0","name":"eventBus"}}
{"__type":"$$EventMessageNode","id":"d54804a1-61c8-4978-bfab-a19b01c193a0","ts":"2025-12-22T14:36:48.726-05:00","eventName":"n8n.node.finished","message":"n8n.node.finished","payload":{"workflowId":"qujm4GB0CHFRlv7R","workflowName":"Gestion des dépenses","executionId":"117","nodeType":"n8n-nodes-base.manualTrigger","nodeName":"When clicking ‘Execute workflow’","nodeId":"e549fd4f-3c46-48c1-855d-8673bccd0f65"}}
{"__type":"$$EventMessageConfirm","confirm":"d54804a1-61c8-4978-bfab-a19b01c193a0","ts":"2025-12-22T14:36:48.726-05:00","source":{"id":"0","name":"eventBus"}}
{"__type":"$$EventMessageNode","id":"0b5eae26-f7bb-44ba-8a69-611688c02e67","ts":"2025-12-22T14:36:48.727-05:00","eventName":"n8n.node.started","message":"n8n.node.started","payload":{"workflowId":"qujm4GB0CHFRlv7R","workflowName":"Gestion des dépenses","executionId":"117","nodeType":"n8n-nodes-base.readWriteFile","nodeName":"Read/Write Files from Disk","nodeId":"49aac05e-1400-4964-bc3e-63faecd3a1ac"}}
{"__type":"$$EventMessageConfirm","confirm":"0b5eae26-f7bb-44ba-8a69-611688c02e67","ts":"2025-12-22T14:36:48.727-05:00","source":{"id":"0","name":"eventBus"}}
{"__type":"$$EventMessageNode","id":"5ca72cd9-e1af-4386-b392-06fa4188b44a","ts":"2025-12-22T14:36:48.780-05:00","eventName":"n8n.node.finished","message":"n8n.node.finished","payload":{"workflowId":"qujm4GB0CHFRlv7R","workflowName":"Gestion des dépenses","executionId":"117","nodeType":"n8n-nodes-base.readWriteFile","nodeName":"Read/Write Files from Disk","nodeId":"49aac05e-1400-4964-bc3e-63faecd3a1ac"}}
{"__type":"$$EventMessageConfirm","confirm":"5ca72cd9-e1af-4386-b392-06fa4188b44a","ts":"2025-12-22T14:36:48.781-05:00","source":{"id":"0","name":"eventBus"}}
{"__type":"$$EventMessageNode","id":"1940596a-c51a-43d9-b077-5b357327b65f","ts":"2025-12-22T14:36:48.781-05:00","eventName":"n8n.node.started","message":"n8n.node.started","payload":{"workflowId":"qujm4GB0CHFRlv7R","workflowName":"Gestion des dépenses","executionId":"117","nodeType":"n8n-nodes-base.extractFromFile","nodeName":"Extract from File","nodeId":"8f5f15c1-8ccb-4800-bfdd-a6a931360447"}}
{"__type":"$$EventMessageConfirm","confirm":"1940596a-c51a-43d9-b077-5b357327b65f","ts":"2025-12-22T14:36:48.781-05:00","source":{"id":"0","name":"eventBus"}}
{"__type":"$$EventMessageNode","id":"f6601c29-a45d-4318-9269-37a39f42b052","ts":"2025-12-22T14:36:48.802-05:00","eventName":"n8n.node.finished","message":"n8n.node.finished","payload":{"workflowId":"qujm4GB0CHFRlv7R","workflowName":"Gestion des dépenses","executionId":"117","nodeType":"n8n-nodes-base.extractFromFile","nodeName":"Extract from File","nodeId":"8f5f15c1-8ccb-4800-bfdd-a6a931360447"}}
{"__type":"$$EventMessageConfirm","confirm":"f6601c29-a45d-4318-9269-37a39f42b052","ts":"2025-12-22T14:36:48.802-05:00","source":{"id":"0","name":"eventBus"}}
{"__type":"$$EventMessageNode","id":"221a372d-68e7-4731-b8d7-56b61f6f8195","ts":"2025-12-22T14:36:48.803-05:00","eventName":"n8n.node.started","message":"n8n.node.started","payload":{"workflowId":"qujm4GB0CHFRlv7R","workflowName":"Gestion des dépenses","executionId":"117","nodeType":"n8n-nodes-base.set","nodeName":"Edit Fields","nodeId":"a6a1f126-2617-4dad-907e-73f8c38aecbb"}}
{"__type":"$$EventMessageConfirm","confirm":"221a372d-68e7-4731-b8d7-56b61f6f8195","ts":"2025-12-22T14:36:48.803-05:00","source":{"id":"0","name":"eventBus"}}
{"__type":"$$EventMessageNode","id":"d8320b85-5b2a-43e2-9e6d-4db6dfc3f55f","ts":"2025-12-22T14:36:48.888-05:00","eventName":"n8n.node.finished","message":"n8n.node.finished","payload":{"workflowId":"qujm4GB0CHFRlv7R","workflowName":"Gestion des dépenses","executionId":"117","nodeType":"n8n-nodes-base.set","nodeName":"Edit Fields","nodeId":"a6a1f126-2617-4dad-907e-73f8c38aecbb"}}
{"__type":"$$EventMessageConfirm","confirm":"d8320b85-5b2a-43e2-9e6d-4db6dfc3f55f","ts":"2025-12-22T14:36:48.888-05:00","source":{"id":"0","name":"eventBus"}}
{"__type":"$$EventMessageNode","id":"be819640-6f0f-4f99-899a-412f0a391bf3","ts":"2025-12-22T14:36:48.889-05:00","eventName":"n8n.node.started","message":"n8n.node.started","payload":{"workflowId":"qujm4GB0CHFRlv7R","workflowName":"Gestion des dépenses","executionId":"117","nodeType":"n8n-nodes-base.notion","nodeName":"Create a database page","nodeId":"6ea202ea-6b54-4a8b-9e21-965ab06b3133"}}
{"__type":"$$EventMessageConfirm","confirm":"be819640-6f0f-4f99-899a-412f0a391bf3","ts":"2025-12-22T14:36:48.889-05:00","source":{"id":"0","name":"eventBus"}}
{"__type":"$$EventMessageNode","id":"eaea0c5f-ad6d-4b29-a684-259123e77377","ts":"2025-12-22T14:36:49.756-05:00","eventName":"n8n.node.finished","message":"n8n.node.finished","payload":{"workflowId":"qujm4GB0CHFRlv7R","workflowName":"Gestion des dépenses","executionId":"117","nodeType":"n8n-nodes-base.notion","nodeName":"Create a database page","nodeId":"6ea202ea-6b54-4a8b-9e21-965ab06b3133"}}
{"__type":"$$EventMessageConfirm","confirm":"eaea0c5f-ad6d-4b29-a684-259123e77377","ts":"2025-12-22T14:36:49.757-05:00","source":{"id":"0","name":"eventBus"}}
{"__type":"$$EventMessageWorkflow","id":"de0f987f-bc5b-4fb9-a27c-42e36c2e7008","ts":"2025-12-22T14:36:49.761-05:00","eventName":"n8n.workflow.failed","message":"n8n.workflow.failed","payload":{"userId":"8022dfae-34c0-45d1-8d37-d5e8da3ebd5d","executionId":"117","success":false,"isManual":true,"workflowId":"qujm4GB0CHFRlv7R","workflowName":"Gestion des dépenses","lastNodeExecuted":"Create a database page","errorNodeType":"n8n-nodes-base.notion","errorMessage":"Bad request - please check your parameters"}}
{"__type":"$$EventMessageConfirm","confirm":"de0f987f-bc5b-4fb9-a27c-42e36c2e7008","ts":"2025-12-22T14:36:49.761-05:00","source":{"id":"0","name":"eventBus"}}
{"__type":"$$EventMessageWorkflow","id":"255ee516-6e71-4b1f-b484-4adf8e019ea2","ts":"2025-12-22T14:38:30.663-05:00","eventName":"n8n.workflow.started","message":"n8n.workflow.started","payload":{"executionId":"118","workflowId":"qujm4GB0CHFRlv7R","isManual":false,"workflowName":"Gestion des dépenses"}}
{"__type":"$$EventMessageConfirm","confirm":"255ee516-6e71-4b1f-b484-4adf8e019ea2","ts":"2025-12-22T14:38:30.663-05:00","source":{"id":"0","name":"eventBus"}}
{"__type":"$$EventMessageNode","id":"ccdd3a48-0fa6-4242-a4d0-9f829ab5e6b0","ts":"2025-12-22T14:38:30.664-05:00","eventName":"n8n.node.started","message":"n8n.node.started","payload":{"workflowId":"qujm4GB0CHFRlv7R","workflowName":"Gestion des dépenses","executionId":"118","nodeType":"n8n-nodes-base.readWriteFile","nodeName":"Read/Write Files from Disk","nodeId":"49aac05e-1400-4964-bc3e-63faecd3a1ac"}}
{"__type":"$$EventMessageConfirm","confirm":"ccdd3a48-0fa6-4242-a4d0-9f829ab5e6b0","ts":"2025-12-22T14:38:30.664-05:00","source":{"id":"0","name":"eventBus"}}
{"__type":"$$EventMessageNode","id":"5c7ce5f0-9745-4c44-bb08-8fbd41e78aab","ts":"2025-12-22T14:38:30.713-05:00","eventName":"n8n.node.finished","message":"n8n.node.finished","payload":{"workflowId":"qujm4GB0CHFRlv7R","workflowName":"Gestion des dépenses","executionId":"118","nodeType":"n8n-nodes-base.readWriteFile","nodeName":"Read/Write Files from Disk","nodeId":"49aac05e-1400-4964-bc3e-63faecd3a1ac"}}
{"__type":"$$EventMessageConfirm","confirm":"5c7ce5f0-9745-4c44-bb08-8fbd41e78aab","ts":"2025-12-22T14:38:30.713-05:00","source":{"id":"0","name":"eventBus"}}
{"__type":"$$EventMessageWorkflow","id":"fd5f0f87-acb5-4923-aa61-29b3883f4dbe","ts":"2025-12-22T14:38:30.717-05:00","eventName":"n8n.workflow.success","message":"n8n.workflow.success","payload":{"userId":"8022dfae-34c0-45d1-8d37-d5e8da3ebd5d","executionId":"118","success":true,"isManual":true,"workflowId":"qujm4GB0CHFRlv7R","workflowName":"Gestion des dépenses"}}
{"__type":"$$EventMessageConfirm","confirm":"fd5f0f87-acb5-4923-aa61-29b3883f4dbe","ts":"2025-12-22T14:38:30.717-05:00","source":{"id":"0","name":"eventBus"}}
{"__type":"$$EventMessageWorkflow","id":"ce7e7506-55ce-4512-ae8a-79844338fa70","ts":"2025-12-22T14:38:59.245-05:00","eventName":"n8n.workflow.started","message":"n8n.workflow.started","payload":{"executionId":"119","workflowId":"qujm4GB0CHFRlv7R","isManual":false,"workflowName":"Gestion des dépenses"}}
{"__type":"$$EventMessageConfirm","confirm":"ce7e7506-55ce-4512-ae8a-79844338fa70","ts":"2025-12-22T14:38:59.245-05:00","source":{"id":"0","name":"eventBus"}}
{"__type":"$$EventMessageNode","id":"ae9ba879-db7a-45aa-9cdc-3c5929060387","ts":"2025-12-22T14:38:59.246-05:00","eventName":"n8n.node.started","message":"n8n.node.started","payload":{"workflowId":"qujm4GB0CHFRlv7R","workflowName":"Gestion des dépenses","executionId":"119","nodeType":"n8n-nodes-base.extractFromFile","nodeName":"Extract from File","nodeId":"8f5f15c1-8ccb-4800-bfdd-a6a931360447"}}
{"__type":"$$EventMessageConfirm","confirm":"ae9ba879-db7a-45aa-9cdc-3c5929060387","ts":"2025-12-22T14:38:59.246-05:00","source":{"id":"0","name":"eventBus"}}
{"__type":"$$EventMessageNode","id":"f36cf36c-df3b-4994-a0b3-2d13970c7c5f","ts":"2025-12-22T14:38:59.265-05:00","eventName":"n8n.node.finished","message":"n8n.node.finished","payload":{"workflowId":"qujm4GB0CHFRlv7R","workflowName":"Gestion des dépenses","executionId":"119","nodeType":"n8n-nodes-base.extractFromFile","nodeName":"Extract from File","nodeId":"8f5f15c1-8ccb-4800-bfdd-a6a931360447"}}
{"__type":"$$EventMessageConfirm","confirm":"f36cf36c-df3b-4994-a0b3-2d13970c7c5f","ts":"2025-12-22T14:38:59.266-05:00","source":{"id":"0","name":"eventBus"}}
{"__type":"$$EventMessageWorkflow","id":"04688669-1e9e-44d3-b361-06911ef7a3ef","ts":"2025-12-22T14:38:59.269-05:00","eventName":"n8n.workflow.success","message":"n8n.workflow.success","payload":{"userId":"8022dfae-34c0-45d1-8d37-d5e8da3ebd5d","executionId":"119","success":true,"isManual":true,"workflowId":"qujm4GB0CHFRlv7R","workflowName":"Gestion des dépenses"}}
{"__type":"$$EventMessageConfirm","confirm":"04688669-1e9e-44d3-b361-06911ef7a3ef","ts":"2025-12-22T14:38:59.270-05:00","source":{"id":"0","name":"eventBus"}}
{"__type":"$$EventMessageWorkflow","id":"7fe84a95-e710-41b4-a5fc-73d28ff2f1b8","ts":"2025-12-22T14:39:25.866-05:00","eventName":"n8n.workflow.started","message":"n8n.workflow.started","payload":{"executionId":"120","workflowId":"qujm4GB0CHFRlv7R","isManual":false,"workflowName":"Gestion des dépenses"}}
{"__type":"$$EventMessageConfirm","confirm":"7fe84a95-e710-41b4-a5fc-73d28ff2f1b8","ts":"2025-12-22T14:39:25.866-05:00","source":{"id":"0","name":"eventBus"}}
{"__type":"$$EventMessageNode","id":"2f0e48da-74dc-428b-a637-1fc9be6e19f1","ts":"2025-12-22T14:39:25.866-05:00","eventName":"n8n.node.started","message":"n8n.node.started","payload":{"workflowId":"qujm4GB0CHFRlv7R","workflowName":"Gestion des dépenses","executionId":"120","nodeType":"n8n-nodes-base.extractFromFile","nodeName":"Extract from File","nodeId":"8f5f15c1-8ccb-4800-bfdd-a6a931360447"}}
{"__type":"$$EventMessageConfirm","confirm":"2f0e48da-74dc-428b-a637-1fc9be6e19f1","ts":"2025-12-22T14:39:25.866-05:00","source":{"id":"0","name":"eventBus"}}
{"__type":"$$EventMessageNode","id":"fd166467-dca6-4b68-a100-19748409b064","ts":"2025-12-22T14:39:25.884-05:00","eventName":"n8n.node.finished","message":"n8n.node.finished","payload":{"workflowId":"qujm4GB0CHFRlv7R","workflowName":"Gestion des dépenses","executionId":"120","nodeType":"n8n-nodes-base.extractFromFile","nodeName":"Extract from File","nodeId":"8f5f15c1-8ccb-4800-bfdd-a6a931360447"}}
{"__type":"$$EventMessageConfirm","confirm":"fd166467-dca6-4b68-a100-19748409b064","ts":"2025-12-22T14:39:25.885-05:00","source":{"id":"0","name":"eventBus"}}
{"__type":"$$EventMessageWorkflow","id":"22dfe10e-22c5-4209-96f9-f75e06e1c8fa","ts":"2025-12-22T14:39:25.888-05:00","eventName":"n8n.workflow.success","message":"n8n.workflow.success","payload":{"userId":"8022dfae-34c0-45d1-8d37-d5e8da3ebd5d","executionId":"120","success":true,"isManual":true,"workflowId":"qujm4GB0CHFRlv7R","workflowName":"Gestion des dépenses"}}
{"__type":"$$EventMessageConfirm","confirm":"22dfe10e-22c5-4209-96f9-f75e06e1c8fa","ts":"2025-12-22T14:39:25.888-05:00","source":{"id":"0","name":"eventBus"}}
{"__type":"$$EventMessageWorkflow","id":"af8e4905-dc7f-4ce9-b37a-fcf4520dbd1e","ts":"2025-12-22T14:39:38.437-05:00","eventName":"n8n.workflow.started","message":"n8n.workflow.started","payload":{"executionId":"121","workflowId":"qujm4GB0CHFRlv7R","isManual":false,"workflowName":"Gestion des dépenses"}}
{"__type":"$$EventMessageConfirm","confirm":"af8e4905-dc7f-4ce9-b37a-fcf4520dbd1e","ts":"2025-12-22T14:39:38.437-05:00","source":{"id":"0","name":"eventBus"}}
{"__type":"$$EventMessageNode","id":"348c0bb9-93fa-4c39-8766-8daafb3f7367","ts":"2025-12-22T14:39:38.438-05:00","eventName":"n8n.node.started","message":"n8n.node.started","payload":{"workflowId":"qujm4GB0CHFRlv7R","workflowName":"Gestion des dépenses","executionId":"121","nodeType":"n8n-nodes-base.readWriteFile","nodeName":"Read/Write Files from Disk","nodeId":"49aac05e-1400-4964-bc3e-63faecd3a1ac"}}
{"__type":"$$EventMessageConfirm","confirm":"348c0bb9-93fa-4c39-8766-8daafb3f7367","ts":"2025-12-22T14:39:38.438-05:00","source":{"id":"0","name":"eventBus"}}
{"__type":"$$EventMessageNode","id":"2f74210f-e5c0-4d01-806a-98095065e531","ts":"2025-12-22T14:39:38.485-05:00","eventName":"n8n.node.finished","message":"n8n.node.finished","payload":{"workflowId":"qujm4GB0CHFRlv7R","workflowName":"Gestion des dépenses","executionId":"121","nodeType":"n8n-nodes-base.readWriteFile","nodeName":"Read/Write Files from Disk","nodeId":"49aac05e-1400-4964-bc3e-63faecd3a1ac"}}
{"__type":"$$EventMessageConfirm","confirm":"2f74210f-e5c0-4d01-806a-98095065e531","ts":"2025-12-22T14:39:38.485-05:00","source":{"id":"0","name":"eventBus"}}
{"__type":"$$EventMessageWorkflow","id":"90e078b3-743a-4f06-b38c-8f0de412f55d","ts":"2025-12-22T14:39:38.487-05:00","eventName":"n8n.workflow.success","message":"n8n.workflow.success","payload":{"userId":"8022dfae-34c0-45d1-8d37-d5e8da3ebd5d","executionId":"121","success":true,"isManual":true,"workflowId":"qujm4GB0CHFRlv7R","workflowName":"Gestion des dépenses"}}
{"__type":"$$EventMessageConfirm","confirm":"90e078b3-743a-4f06-b38c-8f0de412f55d","ts":"2025-12-22T14:39:38.487-05:00","source":{"id":"0","name":"eventBus"}}
{"__type":"$$EventMessageWorkflow","id":"e8b296b4-325d-468a-ac5d-306e80e02536","ts":"2025-12-22T14:39:41.766-05:00","eventName":"n8n.workflow.started","message":"n8n.workflow.started","payload":{"executionId":"122","workflowId":"qujm4GB0CHFRlv7R","isManual":false,"workflowName":"Gestion des dépenses"}}
{"__type":"$$EventMessageConfirm","confirm":"e8b296b4-325d-468a-ac5d-306e80e02536","ts":"2025-12-22T14:39:41.766-05:00","source":{"id":"0","name":"eventBus"}}
{"__type":"$$EventMessageNode","id":"9658412e-e5ec-4a79-a92c-613ae9d187d7","ts":"2025-12-22T14:39:41.767-05:00","eventName":"n8n.node.started","message":"n8n.node.started","payload":{"workflowId":"qujm4GB0CHFRlv7R","workflowName":"Gestion des dépenses","executionId":"122","nodeType":"n8n-nodes-base.extractFromFile","nodeName":"Extract from File","nodeId":"8f5f15c1-8ccb-4800-bfdd-a6a931360447"}}
{"__type":"$$EventMessageConfirm","confirm":"9658412e-e5ec-4a79-a92c-613ae9d187d7","ts":"2025-12-22T14:39:41.767-05:00","source":{"id":"0","name":"eventBus"}}
{"__type":"$$EventMessageNode","id":"1982a26a-77b5-4b55-92c8-3aa7fb32414f","ts":"2025-12-22T14:39:41.785-05:00","eventName":"n8n.node.finished","message":"n8n.node.finished","payload":{"workflowId":"qujm4GB0CHFRlv7R","workflowName":"Gestion des dépenses","executionId":"122","nodeType":"n8n-nodes-base.extractFromFile","nodeName":"Extract from File","nodeId":"8f5f15c1-8ccb-4800-bfdd-a6a931360447"}}
{"__type":"$$EventMessageConfirm","confirm":"1982a26a-77b5-4b55-92c8-3aa7fb32414f","ts":"2025-12-22T14:39:41.785-05:00","source":{"id":"0","name":"eventBus"}}
{"__type":"$$EventMessageWorkflow","id":"22d05ed4-dac6-402d-a8b6-176fff9db862","ts":"2025-12-22T14:39:41.788-05:00","eventName":"n8n.workflow.success","message":"n8n.workflow.success","payload":{"userId":"8022dfae-34c0-45d1-8d37-d5e8da3ebd5d","executionId":"122","success":true,"isManual":true,"workflowId":"qujm4GB0CHFRlv7R","workflowName":"Gestion des dépenses"}}
{"__type":"$$EventMessageConfirm","confirm":"22d05ed4-dac6-402d-a8b6-176fff9db862","ts":"2025-12-22T14:39:41.788-05:00","source":{"id":"0","name":"eventBus"}}
{"__type":"$$EventMessageWorkflow","id":"318dbbd8-4e98-4fd7-ba4f-420a2537182f","ts":"2025-12-22T14:40:15.293-05:00","eventName":"n8n.workflow.started","message":"n8n.workflow.started","payload":{"executionId":"123","workflowId":"qujm4GB0CHFRlv7R","isManual":false,"workflowName":"Gestion des dépenses"}}
{"__type":"$$EventMessageConfirm","confirm":"318dbbd8-4e98-4fd7-ba4f-420a2537182f","ts":"2025-12-22T14:40:15.293-05:00","source":{"id":"0","name":"eventBus"}}
{"__type":"$$EventMessageNode","id":"ffaa9110-167a-4ba6-a7af-b6c0eef26d49","ts":"2025-12-22T14:40:15.295-05:00","eventName":"n8n.node.started","message":"n8n.node.started","payload":{"workflowId":"qujm4GB0CHFRlv7R","workflowName":"Gestion des dépenses","executionId":"123","nodeType":"n8n-nodes-base.set","nodeName":"Edit Fields","nodeId":"a6a1f126-2617-4dad-907e-73f8c38aecbb"}}
{"__type":"$$EventMessageConfirm","confirm":"ffaa9110-167a-4ba6-a7af-b6c0eef26d49","ts":"2025-12-22T14:40:15.295-05:00","source":{"id":"0","name":"eventBus"}}
{"__type":"$$EventMessageNode","id":"1bd915bf-2c48-47ca-934e-41f9a053dd9a","ts":"2025-12-22T14:40:15.378-05:00","eventName":"n8n.node.finished","message":"n8n.node.finished","payload":{"workflowId":"qujm4GB0CHFRlv7R","workflowName":"Gestion des dépenses","executionId":"123","nodeType":"n8n-nodes-base.set","nodeName":"Edit Fields","nodeId":"a6a1f126-2617-4dad-907e-73f8c38aecbb"}}
{"__type":"$$EventMessageConfirm","confirm":"1bd915bf-2c48-47ca-934e-41f9a053dd9a","ts":"2025-12-22T14:40:15.378-05:00","source":{"id":"0","name":"eventBus"}}
{"__type":"$$EventMessageWorkflow","id":"3556cb35-5c70-48e2-a674-af9300802338","ts":"2025-12-22T14:40:15.380-05:00","eventName":"n8n.workflow.success","message":"n8n.workflow.success","payload":{"userId":"8022dfae-34c0-45d1-8d37-d5e8da3ebd5d","executionId":"123","success":true,"isManual":true,"workflowId":"qujm4GB0CHFRlv7R","workflowName":"Gestion des dépenses"}}
{"__type":"$$EventMessageConfirm","confirm":"3556cb35-5c70-48e2-a674-af9300802338","ts":"2025-12-22T14:40:15.380-05:00","source":{"id":"0","name":"eventBus"}}
{"__type":"$$EventMessageWorkflow","id":"b97d4bca-3332-4a25-88da-36df49dd4469","ts":"2025-12-22T14:40:20.453-05:00","eventName":"n8n.workflow.started","message":"n8n.workflow.started","payload":{"executionId":"124","workflowId":"qujm4GB0CHFRlv7R","isManual":false,"workflowName":"Gestion des dépenses"}}
{"__type":"$$EventMessageConfirm","confirm":"b97d4bca-3332-4a25-88da-36df49dd4469","ts":"2025-12-22T14:40:20.453-05:00","source":{"id":"0","name":"eventBus"}}
{"__type":"$$EventMessageNode","id":"ec4c0c45-d7f7-40f6-969d-25f2c8cd6574","ts":"2025-12-22T14:40:20.454-05:00","eventName":"n8n.node.started","message":"n8n.node.started","payload":{"workflowId":"qujm4GB0CHFRlv7R","workflowName":"Gestion des dépenses","executionId":"124","nodeType":"n8n-nodes-base.manualTrigger","nodeName":"When clicking ‘Execute workflow’","nodeId":"e549fd4f-3c46-48c1-855d-8673bccd0f65"}}
{"__type":"$$EventMessageConfirm","confirm":"ec4c0c45-d7f7-40f6-969d-25f2c8cd6574","ts":"2025-12-22T14:40:20.454-05:00","source":{"id":"0","name":"eventBus"}}
{"__type":"$$EventMessageNode","id":"968a0bf6-4c21-4202-91be-52dad7b1beab","ts":"2025-12-22T14:40:20.455-05:00","eventName":"n8n.node.finished","message":"n8n.node.finished","payload":{"workflowId":"qujm4GB0CHFRlv7R","workflowName":"Gestion des dépenses","executionId":"124","nodeType":"n8n-nodes-base.manualTrigger","nodeName":"When clicking ‘Execute workflow’","nodeId":"e549fd4f-3c46-48c1-855d-8673bccd0f65"}}
{"__type":"$$EventMessageConfirm","confirm":"968a0bf6-4c21-4202-91be-52dad7b1beab","ts":"2025-12-22T14:40:20.455-05:00","source":{"id":"0","name":"eventBus"}}
{"__type":"$$EventMessageNode","id":"70a528f8-0f13-49e5-b771-843603945ec9","ts":"2025-12-22T14:40:20.455-05:00","eventName":"n8n.node.started","message":"n8n.node.started","payload":{"workflowId":"qujm4GB0CHFRlv7R","workflowName":"Gestion des dépenses","executionId":"124","nodeType":"n8n-nodes-base.readWriteFile","nodeName":"Read/Write Files from Disk","nodeId":"49aac05e-1400-4964-bc3e-63faecd3a1ac"}}
{"__type":"$$EventMessageConfirm","confirm":"70a528f8-0f13-49e5-b771-843603945ec9","ts":"2025-12-22T14:40:20.455-05:00","source":{"id":"0","name":"eventBus"}}
{"__type":"$$EventMessageNode","id":"9829bbc1-57ba-4c29-bacb-2ef8906f923c","ts":"2025-12-22T14:40:20.503-05:00","eventName":"n8n.node.finished","message":"n8n.node.finished","payload":{"workflowId":"qujm4GB0CHFRlv7R","workflowName":"Gestion des dépenses","executionId":"124","nodeType":"n8n-nodes-base.readWriteFile","nodeName":"Read/Write Files from Disk","nodeId":"49aac05e-1400-4964-bc3e-63faecd3a1ac"}}
{"__type":"$$EventMessageConfirm","confirm":"9829bbc1-57ba-4c29-bacb-2ef8906f923c","ts":"2025-12-22T14:40:20.503-05:00","source":{"id":"0","name":"eventBus"}}
{"__type":"$$EventMessageNode","id":"790882fb-ad84-4398-8552-1d8ffd8c4602","ts":"2025-12-22T14:40:20.504-05:00","eventName":"n8n.node.started","message":"n8n.node.started","payload":{"workflowId":"qujm4GB0CHFRlv7R","workflowName":"Gestion des dépenses","executionId":"124","nodeType":"n8n-nodes-base.extractFromFile","nodeName":"Extract from File","nodeId":"8f5f15c1-8ccb-4800-bfdd-a6a931360447"}}
{"__type":"$$EventMessageConfirm","confirm":"790882fb-ad84-4398-8552-1d8ffd8c4602","ts":"2025-12-22T14:40:20.504-05:00","source":{"id":"0","name":"eventBus"}}
{"__type":"$$EventMessageNode","id":"f0540398-1a01-431d-b247-d0c5838b9e06","ts":"2025-12-22T14:40:20.522-05:00","eventName":"n8n.node.finished","message":"n8n.node.finished","payload":{"workflowId":"qujm4GB0CHFRlv7R","workflowName":"Gestion des dépenses","executionId":"124","nodeType":"n8n-nodes-base.extractFromFile","nodeName":"Extract from File","nodeId":"8f5f15c1-8ccb-4800-bfdd-a6a931360447"}}
{"__type":"$$EventMessageConfirm","confirm":"f0540398-1a01-431d-b247-d0c5838b9e06","ts":"2025-12-22T14:40:20.522-05:00","source":{"id":"0","name":"eventBus"}}
{"__type":"$$EventMessageNode","id":"3f5196ab-1d73-4a90-805c-b4b5d8b5c066","ts":"2025-12-22T14:40:20.523-05:00","eventName":"n8n.node.started","message":"n8n.node.started","payload":{"workflowId":"qujm4GB0CHFRlv7R","workflowName":"Gestion des dépenses","executionId":"124","nodeType":"n8n-nodes-base.set","nodeName":"Edit Fields","nodeId":"a6a1f126-2617-4dad-907e-73f8c38aecbb"}}
{"__type":"$$EventMessageConfirm","confirm":"3f5196ab-1d73-4a90-805c-b4b5d8b5c066","ts":"2025-12-22T14:40:20.523-05:00","source":{"id":"0","name":"eventBus"}}
{"__type":"$$EventMessageNode","id":"4efdf934-258f-4b1b-bb2a-6c160a6a0ede","ts":"2025-12-22T14:40:20.581-05:00","eventName":"n8n.node.finished","message":"n8n.node.finished","payload":{"workflowId":"qujm4GB0CHFRlv7R","workflowName":"Gestion des dépenses","executionId":"124","nodeType":"n8n-nodes-base.set","nodeName":"Edit Fields","nodeId":"a6a1f126-2617-4dad-907e-73f8c38aecbb"}}
{"__type":"$$EventMessageConfirm","confirm":"4efdf934-258f-4b1b-bb2a-6c160a6a0ede","ts":"2025-12-22T14:40:20.581-05:00","source":{"id":"0","name":"eventBus"}}
{"__type":"$$EventMessageNode","id":"bc85f496-098d-41de-8788-0dfdd40520f3","ts":"2025-12-22T14:40:20.582-05:00","eventName":"n8n.node.started","message":"n8n.node.started","payload":{"workflowId":"qujm4GB0CHFRlv7R","workflowName":"Gestion des dépenses","executionId":"124","nodeType":"n8n-nodes-base.notion","nodeName":"Create a database page","nodeId":"6ea202ea-6b54-4a8b-9e21-965ab06b3133"}}
{"__type":"$$EventMessageConfirm","confirm":"bc85f496-098d-41de-8788-0dfdd40520f3","ts":"2025-12-22T14:40:20.583-05:00","source":{"id":"0","name":"eventBus"}}
{"__type":"$$EventMessageNode","id":"bea360ba-263a-4c42-b280-9ec8ffe54677","ts":"2025-12-22T14:41:25.986-05:00","eventName":"n8n.node.finished","message":"n8n.node.finished","payload":{"workflowId":"qujm4GB0CHFRlv7R","workflowName":"Gestion des dépenses","executionId":"124","nodeType":"n8n-nodes-base.notion","nodeName":"Create a database page","nodeId":"6ea202ea-6b54-4a8b-9e21-965ab06b3133"}}
{"__type":"$$EventMessageConfirm","confirm":"bea360ba-263a-4c42-b280-9ec8ffe54677","ts":"2025-12-22T14:41:25.987-05:00","source":{"id":"0","name":"eventBus"}}
{"__type":"$$EventMessageWorkflow","id":"609f2a3a-9fb3-4714-b5d1-af6f0f90a079","ts":"2025-12-22T14:41:25.997-05:00","eventName":"n8n.workflow.success","message":"n8n.workflow.success","payload":{"userId":"8022dfae-34c0-45d1-8d37-d5e8da3ebd5d","executionId":"124","success":true,"isManual":true,"workflowId":"qujm4GB0CHFRlv7R","workflowName":"Gestion des dépenses"}}
{"__type":"$$EventMessageConfirm","confirm":"609f2a3a-9fb3-4714-b5d1-af6f0f90a079","ts":"2025-12-22T14:41:25.997-05:00","source":{"id":"0","name":"eventBus"}}
{"__type":"$$EventMessageWorkflow","id":"67a2db66-c865-4a6e-ab0e-92880e24ee0f","ts":"2025-12-22T14:55:27.846-05:00","eventName":"n8n.workflow.started","message":"n8n.workflow.started","payload":{"executionId":"125","workflowId":"qujm4GB0CHFRlv7R","isManual":false,"workflowName":"Gestion des dépenses"}}
{"__type":"$$EventMessageConfirm","confirm":"67a2db66-c865-4a6e-ab0e-92880e24ee0f","ts":"2025-12-22T14:55:27.847-05:00","source":{"id":"0","name":"eventBus"}}
{"__type":"$$EventMessageNode","id":"710de5bb-08f3-437c-9274-6c5e726ca0f4","ts":"2025-12-22T14:55:27.847-05:00","eventName":"n8n.node.started","message":"n8n.node.started","payload":{"workflowId":"qujm4GB0CHFRlv7R","workflowName":"Gestion des dépenses","executionId":"125","nodeType":"n8n-nodes-base.manualTrigger","nodeName":"When clicking ‘Execute workflow’","nodeId":"e549fd4f-3c46-48c1-855d-8673bccd0f65"}}
{"__type":"$$EventMessageConfirm","confirm":"710de5bb-08f3-437c-9274-6c5e726ca0f4","ts":"2025-12-22T14:55:27.847-05:00","source":{"id":"0","name":"eventBus"}}
{"__type":"$$EventMessageNode","id":"923921bb-57b6-4aaf-9587-12e7a0f7856b","ts":"2025-12-22T14:55:27.848-05:00","eventName":"n8n.node.finished","message":"n8n.node.finished","payload":{"workflowId":"qujm4GB0CHFRlv7R","workflowName":"Gestion des dépenses","executionId":"125","nodeType":"n8n-nodes-base.manualTrigger","nodeName":"When clicking ‘Execute workflow’","nodeId":"e549fd4f-3c46-48c1-855d-8673bccd0f65"}}
{"__type":"$$EventMessageConfirm","confirm":"923921bb-57b6-4aaf-9587-12e7a0f7856b","ts":"2025-12-22T14:55:27.848-05:00","source":{"id":"0","name":"eventBus"}}
{"__type":"$$EventMessageNode","id":"16f73a82-e24b-415a-b9a3-7513003ac76e","ts":"2025-12-22T14:55:27.849-05:00","eventName":"n8n.node.started","message":"n8n.node.started","payload":{"workflowId":"qujm4GB0CHFRlv7R","workflowName":"Gestion des dépenses","executionId":"125","nodeType":"n8n-nodes-base.readWriteFile","nodeName":"Read/Write Files from Disk","nodeId":"49aac05e-1400-4964-bc3e-63faecd3a1ac"}}
{"__type":"$$EventMessageConfirm","confirm":"16f73a82-e24b-415a-b9a3-7513003ac76e","ts":"2025-12-22T14:55:27.849-05:00","source":{"id":"0","name":"eventBus"}}
{"__type":"$$EventMessageNode","id":"5556c768-26f0-4a6a-91ac-ad908803d4ae","ts":"2025-12-22T14:55:27.898-05:00","eventName":"n8n.node.finished","message":"n8n.node.finished","payload":{"workflowId":"qujm4GB0CHFRlv7R","workflowName":"Gestion des dépenses","executionId":"125","nodeType":"n8n-nodes-base.readWriteFile","nodeName":"Read/Write Files from Disk","nodeId":"49aac05e-1400-4964-bc3e-63faecd3a1ac"}}
{"__type":"$$EventMessageConfirm","confirm":"5556c768-26f0-4a6a-91ac-ad908803d4ae","ts":"2025-12-22T14:55:27.898-05:00","source":{"id":"0","name":"eventBus"}}
{"__type":"$$EventMessageNode","id":"8f22e4da-aa2f-4b4a-8045-bd2d094a6418","ts":"2025-12-22T14:55:27.899-05:00","eventName":"n8n.node.started","message":"n8n.node.started","payload":{"workflowId":"qujm4GB0CHFRlv7R","workflowName":"Gestion des dépenses","executionId":"125","nodeType":"n8n-nodes-base.extractFromFile","nodeName":"Extract from File","nodeId":"8f5f15c1-8ccb-4800-bfdd-a6a931360447"}}
{"__type":"$$EventMessageConfirm","confirm":"8f22e4da-aa2f-4b4a-8045-bd2d094a6418","ts":"2025-12-22T14:55:27.899-05:00","source":{"id":"0","name":"eventBus"}}
{"__type":"$$EventMessageNode","id":"de18febf-976e-4b4d-b482-923ee558e607","ts":"2025-12-22T14:55:27.916-05:00","eventName":"n8n.node.finished","message":"n8n.node.finished","payload":{"workflowId":"qujm4GB0CHFRlv7R","workflowName":"Gestion des dépenses","executionId":"125","nodeType":"n8n-nodes-base.extractFromFile","nodeName":"Extract from File","nodeId":"8f5f15c1-8ccb-4800-bfdd-a6a931360447"}}
{"__type":"$$EventMessageConfirm","confirm":"de18febf-976e-4b4d-b482-923ee558e607","ts":"2025-12-22T14:55:27.917-05:00","source":{"id":"0","name":"eventBus"}}
{"__type":"$$EventMessageNode","id":"c9859460-9f74-4f98-9bc9-a5a53f3aef6b","ts":"2025-12-22T14:55:27.918-05:00","eventName":"n8n.node.started","message":"n8n.node.started","payload":{"workflowId":"qujm4GB0CHFRlv7R","workflowName":"Gestion des dépenses","executionId":"125","nodeType":"n8n-nodes-base.set","nodeName":"Edit Fields","nodeId":"a6a1f126-2617-4dad-907e-73f8c38aecbb"}}
{"__type":"$$EventMessageConfirm","confirm":"c9859460-9f74-4f98-9bc9-a5a53f3aef6b","ts":"2025-12-22T14:55:27.918-05:00","source":{"id":"0","name":"eventBus"}}
{"__type":"$$EventMessageNode","id":"37244fa2-0175-4d65-85ce-de57367a0d44","ts":"2025-12-22T14:55:27.968-05:00","eventName":"n8n.node.finished","message":"n8n.node.finished","payload":{"workflowId":"qujm4GB0CHFRlv7R","workflowName":"Gestion des dépenses","executionId":"125","nodeType":"n8n-nodes-base.set","nodeName":"Edit Fields","nodeId":"a6a1f126-2617-4dad-907e-73f8c38aecbb"}}
{"__type":"$$EventMessageConfirm","confirm":"37244fa2-0175-4d65-85ce-de57367a0d44","ts":"2025-12-22T14:55:27.968-05:00","source":{"id":"0","name":"eventBus"}}
{"__type":"$$EventMessageNode","id":"21504b2a-b24a-4b6c-a0a1-5bdb38bf1470","ts":"2025-12-22T14:55:27.969-05:00","eventName":"n8n.node.started","message":"n8n.node.started","payload":{"workflowId":"qujm4GB0CHFRlv7R","workflowName":"Gestion des dépenses","executionId":"125","nodeType":"n8n-nodes-base.notion","nodeName":"Create a database page","nodeId":"6ea202ea-6b54-4a8b-9e21-965ab06b3133"}}
{"__type":"$$EventMessageConfirm","confirm":"21504b2a-b24a-4b6c-a0a1-5bdb38bf1470","ts":"2025-12-22T14:55:27.969-05:00","source":{"id":"0","name":"eventBus"}}
{"__type":"$$EventMessageNode","id":"38bb7d30-7f9f-400c-9643-87a1a197479a","ts":"2025-12-22T14:56:25.905-05:00","eventName":"n8n.node.finished","message":"n8n.node.finished","payload":{"workflowId":"qujm4GB0CHFRlv7R","workflowName":"Gestion des dépenses","executionId":"125","nodeType":"n8n-nodes-base.notion","nodeName":"Create a database page","nodeId":"6ea202ea-6b54-4a8b-9e21-965ab06b3133"}}
{"__type":"$$EventMessageConfirm","confirm":"38bb7d30-7f9f-400c-9643-87a1a197479a","ts":"2025-12-22T14:56:25.905-05:00","source":{"id":"0","name":"eventBus"}}
{"__type":"$$EventMessageWorkflow","id":"a6a39ac9-85aa-4a72-bfc2-efca875717b2","ts":"2025-12-22T14:56:25.910-05:00","eventName":"n8n.workflow.success","message":"n8n.workflow.success","payload":{"userId":"8022dfae-34c0-45d1-8d37-d5e8da3ebd5d","executionId":"125","success":true,"isManual":true,"workflowId":"qujm4GB0CHFRlv7R","workflowName":"Gestion des dépenses"}}
{"__type":"$$EventMessageConfirm","confirm":"a6a39ac9-85aa-4a72-bfc2-efca875717b2","ts":"2025-12-22T14:56:25.910-05:00","source":{"id":"0","name":"eventBus"}}
{"__type":"$$EventMessageAudit","id":"261e1e23-6454-4fcf-840c-e3179581611b","ts":"2025-12-22T15:42:53.501-05:00","eventName":"n8n.audit.workflow.updated","message":"n8n.audit.workflow.updated","payload":{"userId":"8022dfae-34c0-45d1-8d37-d5e8da3ebd5d","_email":"jaenzo31@gmail.com","_firstName":"Enzo","_lastName":"JANY","globalRole":"global:owner","workflowId":"qujm4GB0CHFRlv7R","workflowName":"Gestion des dépenses"}}
{"__type":"$$EventMessageConfirm","confirm":"261e1e23-6454-4fcf-840c-e3179581611b","ts":"2025-12-22T15:42:53.502-05:00","source":{"id":"0","name":"eventBus"}}
{"__type":"$$EventMessageWorkflow","id":"90031cc6-44f1-47e2-920a-9817dfc6af4b","ts":"2025-12-22T15:45:30.264-05:00","eventName":"n8n.workflow.started","message":"n8n.workflow.started","payload":{"executionId":"126","workflowId":"qujm4GB0CHFRlv7R","isManual":false,"workflowName":"Gestion des dépenses"}}
{"__type":"$$EventMessageConfirm","confirm":"90031cc6-44f1-47e2-920a-9817dfc6af4b","ts":"2025-12-22T15:45:30.264-05:00","source":{"id":"0","name":"eventBus"}}
{"__type":"$$EventMessageNode","id":"9040add7-6202-4438-8406-8c997c73c00c","ts":"2025-12-22T15:45:30.265-05:00","eventName":"n8n.node.started","message":"n8n.node.started","payload":{"workflowId":"qujm4GB0CHFRlv7R","workflowName":"Gestion des dépenses","executionId":"126","nodeType":"n8n-nodes-base.set","nodeName":"Edit Fields","nodeId":"a6a1f126-2617-4dad-907e-73f8c38aecbb"}}
{"__type":"$$EventMessageConfirm","confirm":"9040add7-6202-4438-8406-8c997c73c00c","ts":"2025-12-22T15:45:30.265-05:00","source":{"id":"0","name":"eventBus"}}
{"__type":"$$EventMessageNode","id":"17e17342-dc3f-4309-8680-46ec925397a0","ts":"2025-12-22T15:45:30.332-05:00","eventName":"n8n.node.finished","message":"n8n.node.finished","payload":{"workflowId":"qujm4GB0CHFRlv7R","workflowName":"Gestion des dépenses","executionId":"126","nodeType":"n8n-nodes-base.set","nodeName":"Edit Fields","nodeId":"a6a1f126-2617-4dad-907e-73f8c38aecbb"}}
{"__type":"$$EventMessageConfirm","confirm":"17e17342-dc3f-4309-8680-46ec925397a0","ts":"2025-12-22T15:45:30.332-05:00","source":{"id":"0","name":"eventBus"}}
{"__type":"$$EventMessageWorkflow","id":"33ff14a0-011e-4837-abec-4553d72ce83a","ts":"2025-12-22T15:45:30.334-05:00","eventName":"n8n.workflow.success","message":"n8n.workflow.success","payload":{"userId":"8022dfae-34c0-45d1-8d37-d5e8da3ebd5d","executionId":"126","success":true,"isManual":true,"workflowId":"qujm4GB0CHFRlv7R","workflowName":"Gestion des dépenses"}}
{"__type":"$$EventMessageConfirm","confirm":"33ff14a0-011e-4837-abec-4553d72ce83a","ts":"2025-12-22T15:45:30.334-05:00","source":{"id":"0","name":"eventBus"}}
{"__type":"$$EventMessageAudit","id":"a2e85482-054e-4c9b-8fe4-81b96692539a","ts":"2025-12-22T15:45:53.444-05:00","eventName":"n8n.audit.workflow.updated","message":"n8n.audit.workflow.updated","payload":{"userId":"8022dfae-34c0-45d1-8d37-d5e8da3ebd5d","_email":"jaenzo31@gmail.com","_firstName":"Enzo","_lastName":"JANY","globalRole":"global:owner","workflowId":"qujm4GB0CHFRlv7R","workflowName":"Gestion des dépenses"}}
{"__type":"$$EventMessageConfirm","confirm":"a2e85482-054e-4c9b-8fe4-81b96692539a","ts":"2025-12-22T15:45:53.445-05:00","source":{"id":"0","name":"eventBus"}}
{"__type":"$$EventMessageAudit","id":"1eed04d8-1c3b-4598-a0b3-11e265f52047","ts":"2025-12-22T15:47:45.049-05:00","eventName":"n8n.audit.workflow.updated","message":"n8n.audit.workflow.updated","payload":{"userId":"8022dfae-34c0-45d1-8d37-d5e8da3ebd5d","_email":"jaenzo31@gmail.com","_firstName":"Enzo","_lastName":"JANY","globalRole":"global:owner","workflowId":"qujm4GB0CHFRlv7R","workflowName":"Gestion des dépenses"}}
{"__type":"$$EventMessageConfirm","confirm":"1eed04d8-1c3b-4598-a0b3-11e265f52047","ts":"2025-12-22T15:47:45.050-05:00","source":{"id":"0","name":"eventBus"}}
{"__type":"$$EventMessageWorkflow","id":"1fd55f57-c64f-4aa7-af95-8e4be6119561","ts":"2025-12-22T15:47:47.212-05:00","eventName":"n8n.workflow.started","message":"n8n.workflow.started","payload":{"executionId":"127","workflowId":"qujm4GB0CHFRlv7R","isManual":false,"workflowName":"Gestion des dépenses"}}
{"__type":"$$EventMessageConfirm","confirm":"1fd55f57-c64f-4aa7-af95-8e4be6119561","ts":"2025-12-22T15:47:47.212-05:00","source":{"id":"0","name":"eventBus"}}
{"__type":"$$EventMessageNode","id":"dbf65fc1-c677-4519-bca0-029c2a8215ad","ts":"2025-12-22T15:47:47.214-05:00","eventName":"n8n.node.started","message":"n8n.node.started","payload":{"workflowId":"qujm4GB0CHFRlv7R","workflowName":"Gestion des dépenses","executionId":"127","nodeType":"n8n-nodes-base.set","nodeName":"Edit Fields","nodeId":"a6a1f126-2617-4dad-907e-73f8c38aecbb"}}
{"__type":"$$EventMessageConfirm","confirm":"dbf65fc1-c677-4519-bca0-029c2a8215ad","ts":"2025-12-22T15:47:47.214-05:00","source":{"id":"0","name":"eventBus"}}
{"__type":"$$EventMessageNode","id":"62e9cc74-af43-4034-acd7-225a6ea773ae","ts":"2025-12-22T15:47:47.292-05:00","eventName":"n8n.node.finished","message":"n8n.node.finished","payload":{"workflowId":"qujm4GB0CHFRlv7R","workflowName":"Gestion des dépenses","executionId":"127","nodeType":"n8n-nodes-base.set","nodeName":"Edit Fields","nodeId":"a6a1f126-2617-4dad-907e-73f8c38aecbb"}}
{"__type":"$$EventMessageConfirm","confirm":"62e9cc74-af43-4034-acd7-225a6ea773ae","ts":"2025-12-22T15:47:47.292-05:00","source":{"id":"0","name":"eventBus"}}
{"__type":"$$EventMessageWorkflow","id":"8a6347ae-4001-4b48-b498-406fd5694b7b","ts":"2025-12-22T15:47:47.295-05:00","eventName":"n8n.workflow.success","message":"n8n.workflow.success","payload":{"userId":"8022dfae-34c0-45d1-8d37-d5e8da3ebd5d","executionId":"127","success":true,"isManual":true,"workflowId":"qujm4GB0CHFRlv7R","workflowName":"Gestion des dépenses"}}
{"__type":"$$EventMessageConfirm","confirm":"8a6347ae-4001-4b48-b498-406fd5694b7b","ts":"2025-12-22T15:47:47.295-05:00","source":{"id":"0","name":"eventBus"}}
{"__type":"$$EventMessageWorkflow","id":"4b5b6be7-1346-48ad-866b-5eff8cdf0c18","ts":"2025-12-22T15:50:37.236-05:00","eventName":"n8n.workflow.started","message":"n8n.workflow.started","payload":{"executionId":"128","workflowId":"qujm4GB0CHFRlv7R","isManual":false,"workflowName":"Gestion des dépenses"}}
{"__type":"$$EventMessageConfirm","confirm":"4b5b6be7-1346-48ad-866b-5eff8cdf0c18","ts":"2025-12-22T15:50:37.236-05:00","source":{"id":"0","name":"eventBus"}}
{"__type":"$$EventMessageNode","id":"8bae987b-9788-4637-b6b8-9a87dd9ddbe3","ts":"2025-12-22T15:50:37.238-05:00","eventName":"n8n.node.started","message":"n8n.node.started","payload":{"workflowId":"qujm4GB0CHFRlv7R","workflowName":"Gestion des dépenses","executionId":"128","nodeType":"n8n-nodes-base.set","nodeName":"Edit Fields","nodeId":"a6a1f126-2617-4dad-907e-73f8c38aecbb"}}
{"__type":"$$EventMessageConfirm","confirm":"8bae987b-9788-4637-b6b8-9a87dd9ddbe3","ts":"2025-12-22T15:50:37.238-05:00","source":{"id":"0","name":"eventBus"}}
{"__type":"$$EventMessageNode","id":"a653c716-ff39-4005-9f36-66521818e6b3","ts":"2025-12-22T15:50:37.337-05:00","eventName":"n8n.node.finished","message":"n8n.node.finished","payload":{"workflowId":"qujm4GB0CHFRlv7R","workflowName":"Gestion des dépenses","executionId":"128","nodeType":"n8n-nodes-base.set","nodeName":"Edit Fields","nodeId":"a6a1f126-2617-4dad-907e-73f8c38aecbb"}}
{"__type":"$$EventMessageConfirm","confirm":"a653c716-ff39-4005-9f36-66521818e6b3","ts":"2025-12-22T15:50:37.337-05:00","source":{"id":"0","name":"eventBus"}}
{"__type":"$$EventMessageWorkflow","id":"4d098011-60fa-4993-9047-7efb5bc69f22","ts":"2025-12-22T15:50:37.340-05:00","eventName":"n8n.workflow.success","message":"n8n.workflow.success","payload":{"userId":"8022dfae-34c0-45d1-8d37-d5e8da3ebd5d","executionId":"128","success":true,"isManual":true,"workflowId":"qujm4GB0CHFRlv7R","workflowName":"Gestion des dépenses"}}
{"__type":"$$EventMessageConfirm","confirm":"4d098011-60fa-4993-9047-7efb5bc69f22","ts":"2025-12-22T15:50:37.340-05:00","source":{"id":"0","name":"eventBus"}}
{"__type":"$$EventMessageAudit","id":"1ea93f2f-f1c9-4c40-b39d-c85bd12f1212","ts":"2025-12-22T15:50:53.379-05:00","eventName":"n8n.audit.workflow.updated","message":"n8n.audit.workflow.updated","payload":{"userId":"8022dfae-34c0-45d1-8d37-d5e8da3ebd5d","_email":"jaenzo31@gmail.com","_firstName":"Enzo","_lastName":"JANY","globalRole":"global:owner","workflowId":"qujm4GB0CHFRlv7R","workflowName":"Gestion des dépenses"}}
{"__type":"$$EventMessageConfirm","confirm":"1ea93f2f-f1c9-4c40-b39d-c85bd12f1212","ts":"2025-12-22T15:50:53.379-05:00","source":{"id":"0","name":"eventBus"}}
{"__type":"$$EventMessageWorkflow","id":"072e73b4-a9ca-4185-8176-3a71718db7b3","ts":"2025-12-22T15:50:55.459-05:00","eventName":"n8n.workflow.started","message":"n8n.workflow.started","payload":{"executionId":"129","workflowId":"qujm4GB0CHFRlv7R","isManual":false,"workflowName":"Gestion des dépenses"}}
{"__type":"$$EventMessageConfirm","confirm":"072e73b4-a9ca-4185-8176-3a71718db7b3","ts":"2025-12-22T15:50:55.459-05:00","source":{"id":"0","name":"eventBus"}}
{"__type":"$$EventMessageNode","id":"90268068-1630-41d5-92ee-84c7a05e62d7","ts":"2025-12-22T15:50:55.460-05:00","eventName":"n8n.node.started","message":"n8n.node.started","payload":{"workflowId":"qujm4GB0CHFRlv7R","workflowName":"Gestion des dépenses","executionId":"129","nodeType":"n8n-nodes-base.set","nodeName":"Edit Fields","nodeId":"a6a1f126-2617-4dad-907e-73f8c38aecbb"}}
{"__type":"$$EventMessageConfirm","confirm":"90268068-1630-41d5-92ee-84c7a05e62d7","ts":"2025-12-22T15:50:55.460-05:00","source":{"id":"0","name":"eventBus"}}
{"__type":"$$EventMessageNode","id":"5b7c2fc1-a2b5-4403-8ece-4d870f6b439d","ts":"2025-12-22T15:50:55.546-05:00","eventName":"n8n.node.finished","message":"n8n.node.finished","payload":{"workflowId":"qujm4GB0CHFRlv7R","workflowName":"Gestion des dépenses","executionId":"129","nodeType":"n8n-nodes-base.set","nodeName":"Edit Fields","nodeId":"a6a1f126-2617-4dad-907e-73f8c38aecbb"}}
{"__type":"$$EventMessageConfirm","confirm":"5b7c2fc1-a2b5-4403-8ece-4d870f6b439d","ts":"2025-12-22T15:50:55.546-05:00","source":{"id":"0","name":"eventBus"}}
{"__type":"$$EventMessageWorkflow","id":"3c5529a6-2ef4-4cb8-b387-deaa47e9df64","ts":"2025-12-22T15:50:55.550-05:00","eventName":"n8n.workflow.success","message":"n8n.workflow.success","payload":{"userId":"8022dfae-34c0-45d1-8d37-d5e8da3ebd5d","executionId":"129","success":true,"isManual":true,"workflowId":"qujm4GB0CHFRlv7R","workflowName":"Gestion des dépenses"}}
{"__type":"$$EventMessageConfirm","confirm":"3c5529a6-2ef4-4cb8-b387-deaa47e9df64","ts":"2025-12-22T15:50:55.550-05:00","source":{"id":"0","name":"eventBus"}}
{"__type":"$$EventMessageWorkflow","id":"1842d4ad-fbec-4b5c-a7a4-269d5470659c","ts":"2025-12-22T15:51:46.257-05:00","eventName":"n8n.workflow.started","message":"n8n.workflow.started","payload":{"executionId":"130","workflowId":"qujm4GB0CHFRlv7R","isManual":false,"workflowName":"Gestion des dépenses"}}
{"__type":"$$EventMessageConfirm","confirm":"1842d4ad-fbec-4b5c-a7a4-269d5470659c","ts":"2025-12-22T15:51:46.257-05:00","source":{"id":"0","name":"eventBus"}}
{"__type":"$$EventMessageNode","id":"ef328500-ec7d-4854-95c6-a72b1d9e5758","ts":"2025-12-22T15:51:46.258-05:00","eventName":"n8n.node.started","message":"n8n.node.started","payload":{"workflowId":"qujm4GB0CHFRlv7R","workflowName":"Gestion des dépenses","executionId":"130","nodeType":"n8n-nodes-base.set","nodeName":"Edit Fields","nodeId":"a6a1f126-2617-4dad-907e-73f8c38aecbb"}}
{"__type":"$$EventMessageConfirm","confirm":"ef328500-ec7d-4854-95c6-a72b1d9e5758","ts":"2025-12-22T15:51:46.258-05:00","source":{"id":"0","name":"eventBus"}}
{"__type":"$$EventMessageNode","id":"973b4bcd-83f3-42d7-8b2a-dc0da91e598f","ts":"2025-12-22T15:51:46.340-05:00","eventName":"n8n.node.finished","message":"n8n.node.finished","payload":{"workflowId":"qujm4GB0CHFRlv7R","workflowName":"Gestion des dépenses","executionId":"130","nodeType":"n8n-nodes-base.set","nodeName":"Edit Fields","nodeId":"a6a1f126-2617-4dad-907e-73f8c38aecbb"}}
{"__type":"$$EventMessageConfirm","confirm":"973b4bcd-83f3-42d7-8b2a-dc0da91e598f","ts":"2025-12-22T15:51:46.340-05:00","source":{"id":"0","name":"eventBus"}}
{"__type":"$$EventMessageWorkflow","id":"bbbd8be0-dbaf-4036-abd1-08c5f2c052dd","ts":"2025-12-22T15:51:46.343-05:00","eventName":"n8n.workflow.success","message":"n8n.workflow.success","payload":{"userId":"8022dfae-34c0-45d1-8d37-d5e8da3ebd5d","executionId":"130","success":true,"isManual":true,"workflowId":"qujm4GB0CHFRlv7R","workflowName":"Gestion des dépenses"}}
{"__type":"$$EventMessageConfirm","confirm":"bbbd8be0-dbaf-4036-abd1-08c5f2c052dd","ts":"2025-12-22T15:51:46.343-05:00","source":{"id":"0","name":"eventBus"}}
{"__type":"$$EventMessageWorkflow","id":"df0cf0be-afaa-41ee-b227-ad55a09f971d","ts":"2025-12-22T15:52:08.724-05:00","eventName":"n8n.workflow.started","message":"n8n.workflow.started","payload":{"executionId":"131","workflowId":"qujm4GB0CHFRlv7R","isManual":false,"workflowName":"Gestion des dépenses"}}
{"__type":"$$EventMessageConfirm","confirm":"df0cf0be-afaa-41ee-b227-ad55a09f971d","ts":"2025-12-22T15:52:08.724-05:00","source":{"id":"0","name":"eventBus"}}
{"__type":"$$EventMessageNode","id":"4bb19de9-c992-4957-8c20-fd5fa1ae1ad7","ts":"2025-12-22T15:52:08.726-05:00","eventName":"n8n.node.started","message":"n8n.node.started","payload":{"workflowId":"qujm4GB0CHFRlv7R","workflowName":"Gestion des dépenses","executionId":"131","nodeType":"n8n-nodes-base.set","nodeName":"Edit Fields","nodeId":"a6a1f126-2617-4dad-907e-73f8c38aecbb"}}
{"__type":"$$EventMessageConfirm","confirm":"4bb19de9-c992-4957-8c20-fd5fa1ae1ad7","ts":"2025-12-22T15:52:08.726-05:00","source":{"id":"0","name":"eventBus"}}
{"__type":"$$EventMessageNode","id":"54ed602e-22d9-42e7-bcc8-c970664e5e67","ts":"2025-12-22T15:52:08.813-05:00","eventName":"n8n.node.finished","message":"n8n.node.finished","payload":{"workflowId":"qujm4GB0CHFRlv7R","workflowName":"Gestion des dépenses","executionId":"131","nodeType":"n8n-nodes-base.set","nodeName":"Edit Fields","nodeId":"a6a1f126-2617-4dad-907e-73f8c38aecbb"}}
{"__type":"$$EventMessageConfirm","confirm":"54ed602e-22d9-42e7-bcc8-c970664e5e67","ts":"2025-12-22T15:52:08.813-05:00","source":{"id":"0","name":"eventBus"}}
{"__type":"$$EventMessageWorkflow","id":"2894c5a0-23e5-4cc5-aad5-cec9e75131b3","ts":"2025-12-22T15:52:08.815-05:00","eventName":"n8n.workflow.success","message":"n8n.workflow.success","payload":{"userId":"8022dfae-34c0-45d1-8d37-d5e8da3ebd5d","executionId":"131","success":true,"isManual":true,"workflowId":"qujm4GB0CHFRlv7R","workflowName":"Gestion des dépenses"}}
{"__type":"$$EventMessageConfirm","confirm":"2894c5a0-23e5-4cc5-aad5-cec9e75131b3","ts":"2025-12-22T15:52:08.815-05:00","source":{"id":"0","name":"eventBus"}}
{"__type":"$$EventMessageWorkflow","id":"09b453bf-b194-4e16-a96f-e21f4b935de6","ts":"2025-12-22T15:52:38.046-05:00","eventName":"n8n.workflow.started","message":"n8n.workflow.started","payload":{"executionId":"132","workflowId":"qujm4GB0CHFRlv7R","isManual":false,"workflowName":"Gestion des dépenses"}}
{"__type":"$$EventMessageConfirm","confirm":"09b453bf-b194-4e16-a96f-e21f4b935de6","ts":"2025-12-22T15:52:38.047-05:00","source":{"id":"0","name":"eventBus"}}
{"__type":"$$EventMessageNode","id":"b2a9088d-1c65-424f-bc3e-7d00115043b2","ts":"2025-12-22T15:52:38.048-05:00","eventName":"n8n.node.started","message":"n8n.node.started","payload":{"workflowId":"qujm4GB0CHFRlv7R","workflowName":"Gestion des dépenses","executionId":"132","nodeType":"n8n-nodes-base.set","nodeName":"Edit Fields","nodeId":"a6a1f126-2617-4dad-907e-73f8c38aecbb"}}
{"__type":"$$EventMessageConfirm","confirm":"b2a9088d-1c65-424f-bc3e-7d00115043b2","ts":"2025-12-22T15:52:38.048-05:00","source":{"id":"0","name":"eventBus"}}
{"__type":"$$EventMessageNode","id":"d180470f-e648-436c-bc79-47de19a2c415","ts":"2025-12-22T15:52:38.134-05:00","eventName":"n8n.node.finished","message":"n8n.node.finished","payload":{"workflowId":"qujm4GB0CHFRlv7R","workflowName":"Gestion des dépenses","executionId":"132","nodeType":"n8n-nodes-base.set","nodeName":"Edit Fields","nodeId":"a6a1f126-2617-4dad-907e-73f8c38aecbb"}}
{"__type":"$$EventMessageConfirm","confirm":"d180470f-e648-436c-bc79-47de19a2c415","ts":"2025-12-22T15:52:38.134-05:00","source":{"id":"0","name":"eventBus"}}
{"__type":"$$EventMessageWorkflow","id":"4f79ba41-18d0-421e-a1b2-f420f8a9b919","ts":"2025-12-22T15:52:38.137-05:00","eventName":"n8n.workflow.success","message":"n8n.workflow.success","payload":{"userId":"8022dfae-34c0-45d1-8d37-d5e8da3ebd5d","executionId":"132","success":true,"isManual":true,"workflowId":"qujm4GB0CHFRlv7R","workflowName":"Gestion des dépenses"}}
{"__type":"$$EventMessageConfirm","confirm":"4f79ba41-18d0-421e-a1b2-f420f8a9b919","ts":"2025-12-22T15:52:38.137-05:00","source":{"id":"0","name":"eventBus"}}
{"__type":"$$EventMessageWorkflow","id":"277bac64-243f-45c7-addc-67147c372a03","ts":"2025-12-22T16:21:52.834-05:00","eventName":"n8n.workflow.started","message":"n8n.workflow.started","payload":{"executionId":"133","workflowId":"qujm4GB0CHFRlv7R","isManual":false,"workflowName":"Gestion des dépenses"}}
{"__type":"$$EventMessageConfirm","confirm":"277bac64-243f-45c7-addc-67147c372a03","ts":"2025-12-22T16:21:52.834-05:00","source":{"id":"0","name":"eventBus"}}
{"__type":"$$EventMessageNode","id":"6ef00d00-1a22-48d9-9359-075534dba6cf","ts":"2025-12-22T16:21:52.835-05:00","eventName":"n8n.node.started","message":"n8n.node.started","payload":{"workflowId":"qujm4GB0CHFRlv7R","workflowName":"Gestion des dépenses","executionId":"133","nodeType":"n8n-nodes-base.manualTrigger","nodeName":"When clicking ‘Execute workflow’","nodeId":"e549fd4f-3c46-48c1-855d-8673bccd0f65"}}
{"__type":"$$EventMessageConfirm","confirm":"6ef00d00-1a22-48d9-9359-075534dba6cf","ts":"2025-12-22T16:21:52.835-05:00","source":{"id":"0","name":"eventBus"}}
{"__type":"$$EventMessageNode","id":"90b712b6-94cc-44b2-b301-9b8ce371a331","ts":"2025-12-22T16:21:52.835-05:00","eventName":"n8n.node.finished","message":"n8n.node.finished","payload":{"workflowId":"qujm4GB0CHFRlv7R","workflowName":"Gestion des dépenses","executionId":"133","nodeType":"n8n-nodes-base.manualTrigger","nodeName":"When clicking ‘Execute workflow’","nodeId":"e549fd4f-3c46-48c1-855d-8673bccd0f65"}}
{"__type":"$$EventMessageConfirm","confirm":"90b712b6-94cc-44b2-b301-9b8ce371a331","ts":"2025-12-22T16:21:52.835-05:00","source":{"id":"0","name":"eventBus"}}
{"__type":"$$EventMessageNode","id":"4e1faffb-6792-423b-a9a9-6bccd885f933","ts":"2025-12-22T16:21:52.836-05:00","eventName":"n8n.node.started","message":"n8n.node.started","payload":{"workflowId":"qujm4GB0CHFRlv7R","workflowName":"Gestion des dépenses","executionId":"133","nodeType":"n8n-nodes-base.readWriteFile","nodeName":"Read/Write Files from Disk","nodeId":"49aac05e-1400-4964-bc3e-63faecd3a1ac"}}
{"__type":"$$EventMessageConfirm","confirm":"4e1faffb-6792-423b-a9a9-6bccd885f933","ts":"2025-12-22T16:21:52.836-05:00","source":{"id":"0","name":"eventBus"}}
{"__type":"$$EventMessageNode","id":"a966280b-1927-4617-aa92-d08184cc48e9","ts":"2025-12-22T16:21:52.889-05:00","eventName":"n8n.node.finished","message":"n8n.node.finished","payload":{"workflowId":"qujm4GB0CHFRlv7R","workflowName":"Gestion des dépenses","executionId":"133","nodeType":"n8n-nodes-base.readWriteFile","nodeName":"Read/Write Files from Disk","nodeId":"49aac05e-1400-4964-bc3e-63faecd3a1ac"}}
{"__type":"$$EventMessageConfirm","confirm":"a966280b-1927-4617-aa92-d08184cc48e9","ts":"2025-12-22T16:21:52.889-05:00","source":{"id":"0","name":"eventBus"}}
{"__type":"$$EventMessageNode","id":"cbb85aab-be1c-4d95-b999-018bd7ee459a","ts":"2025-12-22T16:21:52.889-05:00","eventName":"n8n.node.started","message":"n8n.node.started","payload":{"workflowId":"qujm4GB0CHFRlv7R","workflowName":"Gestion des dépenses","executionId":"133","nodeType":"n8n-nodes-base.extractFromFile","nodeName":"Extract from File","nodeId":"8f5f15c1-8ccb-4800-bfdd-a6a931360447"}}
{"__type":"$$EventMessageConfirm","confirm":"cbb85aab-be1c-4d95-b999-018bd7ee459a","ts":"2025-12-22T16:21:52.889-05:00","source":{"id":"0","name":"eventBus"}}
{"__type":"$$EventMessageNode","id":"15ed1d77-584d-4bd4-b05e-5fb1b69ceb4c","ts":"2025-12-22T16:21:52.910-05:00","eventName":"n8n.node.finished","message":"n8n.node.finished","payload":{"workflowId":"qujm4GB0CHFRlv7R","workflowName":"Gestion des dépenses","executionId":"133","nodeType":"n8n-nodes-base.extractFromFile","nodeName":"Extract from File","nodeId":"8f5f15c1-8ccb-4800-bfdd-a6a931360447"}}
{"__type":"$$EventMessageConfirm","confirm":"15ed1d77-584d-4bd4-b05e-5fb1b69ceb4c","ts":"2025-12-22T16:21:52.910-05:00","source":{"id":"0","name":"eventBus"}}
{"__type":"$$EventMessageNode","id":"8067bed0-e2a7-49e9-8fc2-e908928dbaf8","ts":"2025-12-22T16:21:52.911-05:00","eventName":"n8n.node.started","message":"n8n.node.started","payload":{"workflowId":"qujm4GB0CHFRlv7R","workflowName":"Gestion des dépenses","executionId":"133","nodeType":"n8n-nodes-base.set","nodeName":"Edit Fields","nodeId":"a6a1f126-2617-4dad-907e-73f8c38aecbb"}}
{"__type":"$$EventMessageConfirm","confirm":"8067bed0-e2a7-49e9-8fc2-e908928dbaf8","ts":"2025-12-22T16:21:52.911-05:00","source":{"id":"0","name":"eventBus"}}
{"__type":"$$EventMessageNode","id":"372f4ecd-39fb-43ad-b1a4-e79544a7db5c","ts":"2025-12-22T16:21:52.991-05:00","eventName":"n8n.node.finished","message":"n8n.node.finished","payload":{"workflowId":"qujm4GB0CHFRlv7R","workflowName":"Gestion des dépenses","executionId":"133","nodeType":"n8n-nodes-base.set","nodeName":"Edit Fields","nodeId":"a6a1f126-2617-4dad-907e-73f8c38aecbb"}}
{"__type":"$$EventMessageConfirm","confirm":"372f4ecd-39fb-43ad-b1a4-e79544a7db5c","ts":"2025-12-22T16:21:52.991-05:00","source":{"id":"0","name":"eventBus"}}
{"__type":"$$EventMessageNode","id":"ccde071e-b8e6-446e-86a0-aa03e1f122cd","ts":"2025-12-22T16:21:52.992-05:00","eventName":"n8n.node.started","message":"n8n.node.started","payload":{"workflowId":"qujm4GB0CHFRlv7R","workflowName":"Gestion des dépenses","executionId":"133","nodeType":"n8n-nodes-base.notion","nodeName":"Create a database page","nodeId":"6ea202ea-6b54-4a8b-9e21-965ab06b3133"}}
{"__type":"$$EventMessageConfirm","confirm":"ccde071e-b8e6-446e-86a0-aa03e1f122cd","ts":"2025-12-22T16:21:52.992-05:00","source":{"id":"0","name":"eventBus"}}
{"__type":"$$EventMessageNode","id":"2df76e5f-84f6-4bf4-8893-e22b1173ea64","ts":"2025-12-22T16:22:59.648-05:00","eventName":"n8n.node.finished","message":"n8n.node.finished","payload":{"workflowId":"qujm4GB0CHFRlv7R","workflowName":"Gestion des dépenses","executionId":"133","nodeType":"n8n-nodes-base.notion","nodeName":"Create a database page","nodeId":"6ea202ea-6b54-4a8b-9e21-965ab06b3133"}}
{"__type":"$$EventMessageConfirm","confirm":"2df76e5f-84f6-4bf4-8893-e22b1173ea64","ts":"2025-12-22T16:22:59.648-05:00","source":{"id":"0","name":"eventBus"}}
{"__type":"$$EventMessageWorkflow","id":"200a7710-f05c-480d-8f6a-f37c50f03491","ts":"2025-12-22T16:22:59.652-05:00","eventName":"n8n.workflow.success","message":"n8n.workflow.success","payload":{"userId":"8022dfae-34c0-45d1-8d37-d5e8da3ebd5d","executionId":"133","success":true,"isManual":true,"workflowId":"qujm4GB0CHFRlv7R","workflowName":"Gestion des dépenses"}}
{"__type":"$$EventMessageConfirm","confirm":"200a7710-f05c-480d-8f6a-f37c50f03491","ts":"2025-12-22T16:22:59.652-05:00","source":{"id":"0","name":"eventBus"}}
{"__type":"$$EventMessageAudit","id":"a9041ab8-6804-424d-9918-772792f2703f","ts":"2025-12-22T16:23:54.609-05:00","eventName":"n8n.audit.workflow.updated","message":"n8n.audit.workflow.updated","payload":{"userId":"8022dfae-34c0-45d1-8d37-d5e8da3ebd5d","_email":"jaenzo31@gmail.com","_firstName":"Enzo","_lastName":"JANY","globalRole":"global:owner","workflowId":"qujm4GB0CHFRlv7R","workflowName":"Gestion des dépenses"}}
{"__type":"$$EventMessageConfirm","confirm":"a9041ab8-6804-424d-9918-772792f2703f","ts":"2025-12-22T16:23:54.609-05:00","source":{"id":"0","name":"eventBus"}}
{"__type":"$$EventMessageWorkflow","id":"b038e2de-60a0-47d7-8dfd-2c6017b4c638","ts":"2025-12-23T07:44:21.786-05:00","eventName":"n8n.workflow.started","message":"n8n.workflow.started","payload":{"executionId":"134","workflowId":"qujm4GB0CHFRlv7R","isManual":false,"workflowName":"Gestion des dépenses"}}
{"__type":"$$EventMessageConfirm","confirm":"b038e2de-60a0-47d7-8dfd-2c6017b4c638","ts":"2025-12-23T07:44:21.786-05:00","source":{"id":"0","name":"eventBus"}}
{"__type":"$$EventMessageNode","id":"e0039e2e-5293-4d51-b25e-d7a8a3a92fed","ts":"2025-12-23T07:44:21.787-05:00","eventName":"n8n.node.started","message":"n8n.node.started","payload":{"workflowId":"qujm4GB0CHFRlv7R","workflowName":"Gestion des dépenses","executionId":"134","nodeType":"n8n-nodes-base.manualTrigger","nodeName":"When clicking ‘Execute workflow’","nodeId":"e549fd4f-3c46-48c1-855d-8673bccd0f65"}}
{"__type":"$$EventMessageConfirm","confirm":"e0039e2e-5293-4d51-b25e-d7a8a3a92fed","ts":"2025-12-23T07:44:21.787-05:00","source":{"id":"0","name":"eventBus"}}
{"__type":"$$EventMessageNode","id":"0f0abbf9-d1a6-4ab4-b0da-7bf990a5d8ac","ts":"2025-12-23T07:44:21.787-05:00","eventName":"n8n.node.finished","message":"n8n.node.finished","payload":{"workflowId":"qujm4GB0CHFRlv7R","workflowName":"Gestion des dépenses","executionId":"134","nodeType":"n8n-nodes-base.manualTrigger","nodeName":"When clicking ‘Execute workflow’","nodeId":"e549fd4f-3c46-48c1-855d-8673bccd0f65"}}
{"__type":"$$EventMessageConfirm","confirm":"0f0abbf9-d1a6-4ab4-b0da-7bf990a5d8ac","ts":"2025-12-23T07:44:21.787-05:00","source":{"id":"0","name":"eventBus"}}
{"__type":"$$EventMessageNode","id":"a184a300-23d5-40a2-8549-ca6d57bacbfe","ts":"2025-12-23T07:44:21.788-05:00","eventName":"n8n.node.started","message":"n8n.node.started","payload":{"workflowId":"qujm4GB0CHFRlv7R","workflowName":"Gestion des dépenses","executionId":"134","nodeType":"n8n-nodes-base.readWriteFile","nodeName":"Read/Write Files from Disk","nodeId":"49aac05e-1400-4964-bc3e-63faecd3a1ac"}}
{"__type":"$$EventMessageConfirm","confirm":"a184a300-23d5-40a2-8549-ca6d57bacbfe","ts":"2025-12-23T07:44:21.788-05:00","source":{"id":"0","name":"eventBus"}}
{"__type":"$$EventMessageNode","id":"4620604e-7646-4484-a084-b760d61ebcf1","ts":"2025-12-23T07:44:21.836-05:00","eventName":"n8n.node.finished","message":"n8n.node.finished","payload":{"workflowId":"qujm4GB0CHFRlv7R","workflowName":"Gestion des dépenses","executionId":"134","nodeType":"n8n-nodes-base.readWriteFile","nodeName":"Read/Write Files from Disk","nodeId":"49aac05e-1400-4964-bc3e-63faecd3a1ac"}}
{"__type":"$$EventMessageConfirm","confirm":"4620604e-7646-4484-a084-b760d61ebcf1","ts":"2025-12-23T07:44:21.837-05:00","source":{"id":"0","name":"eventBus"}}
{"__type":"$$EventMessageNode","id":"8b37690a-1d18-4858-89c9-8825cab0e44a","ts":"2025-12-23T07:44:21.837-05:00","eventName":"n8n.node.started","message":"n8n.node.started","payload":{"workflowId":"qujm4GB0CHFRlv7R","workflowName":"Gestion des dépenses","executionId":"134","nodeType":"n8n-nodes-base.extractFromFile","nodeName":"Extract from File","nodeId":"8f5f15c1-8ccb-4800-bfdd-a6a931360447"}}
{"__type":"$$EventMessageConfirm","confirm":"8b37690a-1d18-4858-89c9-8825cab0e44a","ts":"2025-12-23T07:44:21.837-05:00","source":{"id":"0","name":"eventBus"}}
{"__type":"$$EventMessageNode","id":"f05ecc7d-964b-4163-b9b0-473080cbe647","ts":"2025-12-23T07:44:21.856-05:00","eventName":"n8n.node.finished","message":"n8n.node.finished","payload":{"workflowId":"qujm4GB0CHFRlv7R","workflowName":"Gestion des dépenses","executionId":"134","nodeType":"n8n-nodes-base.extractFromFile","nodeName":"Extract from File","nodeId":"8f5f15c1-8ccb-4800-bfdd-a6a931360447"}}
{"__type":"$$EventMessageConfirm","confirm":"f05ecc7d-964b-4163-b9b0-473080cbe647","ts":"2025-12-23T07:44:21.856-05:00","source":{"id":"0","name":"eventBus"}}
{"__type":"$$EventMessageWorkflow","id":"c694e47e-89d5-45f9-b2ff-e12af78b0e9f","ts":"2025-12-23T07:44:21.860-05:00","eventName":"n8n.workflow.success","message":"n8n.workflow.success","payload":{"userId":"8022dfae-34c0-45d1-8d37-d5e8da3ebd5d","executionId":"134","success":true,"isManual":true,"workflowId":"qujm4GB0CHFRlv7R","workflowName":"Gestion des dépenses"}}
{"__type":"$$EventMessageConfirm","confirm":"c694e47e-89d5-45f9-b2ff-e12af78b0e9f","ts":"2025-12-23T07:44:21.860-05:00","source":{"id":"0","name":"eventBus"}}
{"__type":"$$EventMessageAudit","id":"6ca283eb-5545-46a0-8cb1-b87a15503e12","ts":"2025-12-23T07:52:23.870-05:00","eventName":"n8n.audit.workflow.updated","message":"n8n.audit.workflow.updated","payload":{"userId":"8022dfae-34c0-45d1-8d37-d5e8da3ebd5d","_email":"jaenzo31@gmail.com","_firstName":"Enzo","_lastName":"JANY","globalRole":"global:owner","workflowId":"qujm4GB0CHFRlv7R","workflowName":"Gestion des dépenses"}}
{"__type":"$$EventMessageConfirm","confirm":"6ca283eb-5545-46a0-8cb1-b87a15503e12","ts":"2025-12-23T07:52:23.871-05:00","source":{"id":"0","name":"eventBus"}}
{"__type":"$$EventMessageWorkflow","id":"9a09a364-2e14-420f-9962-aeb8ed7bbf30","ts":"2025-12-23T07:53:43.312-05:00","eventName":"n8n.workflow.started","message":"n8n.workflow.started","payload":{"executionId":"135","workflowId":"qujm4GB0CHFRlv7R","isManual":false,"workflowName":"Gestion des dépenses"}}
{"__type":"$$EventMessageConfirm","confirm":"9a09a364-2e14-420f-9962-aeb8ed7bbf30","ts":"2025-12-23T07:53:43.312-05:00","source":{"id":"0","name":"eventBus"}}
{"__type":"$$EventMessageNode","id":"de27dd58-9e0b-4156-9696-d78aed312856","ts":"2025-12-23T07:53:43.313-05:00","eventName":"n8n.node.started","message":"n8n.node.started","payload":{"workflowId":"qujm4GB0CHFRlv7R","workflowName":"Gestion des dépenses","executionId":"135","nodeType":"n8n-nodes-base.manualTrigger","nodeName":"When clicking ‘Execute workflow’","nodeId":"e549fd4f-3c46-48c1-855d-8673bccd0f65"}}
{"__type":"$$EventMessageConfirm","confirm":"de27dd58-9e0b-4156-9696-d78aed312856","ts":"2025-12-23T07:53:43.313-05:00","source":{"id":"0","name":"eventBus"}}
{"__type":"$$EventMessageNode","id":"2d5829a5-c1b3-4880-b94f-1795303e1695","ts":"2025-12-23T07:53:43.313-05:00","eventName":"n8n.node.finished","message":"n8n.node.finished","payload":{"workflowId":"qujm4GB0CHFRlv7R","workflowName":"Gestion des dépenses","executionId":"135","nodeType":"n8n-nodes-base.manualTrigger","nodeName":"When clicking ‘Execute workflow’","nodeId":"e549fd4f-3c46-48c1-855d-8673bccd0f65"}}
{"__type":"$$EventMessageConfirm","confirm":"2d5829a5-c1b3-4880-b94f-1795303e1695","ts":"2025-12-23T07:53:43.313-05:00","source":{"id":"0","name":"eventBus"}}
{"__type":"$$EventMessageNode","id":"faca84bd-f648-437e-8c05-ab4de9bb73ab","ts":"2025-12-23T07:53:43.314-05:00","eventName":"n8n.node.started","message":"n8n.node.started","payload":{"workflowId":"qujm4GB0CHFRlv7R","workflowName":"Gestion des dépenses","executionId":"135","nodeType":"n8n-nodes-base.readWriteFile","nodeName":"Read/Write Files from Disk","nodeId":"49aac05e-1400-4964-bc3e-63faecd3a1ac"}}
{"__type":"$$EventMessageConfirm","confirm":"faca84bd-f648-437e-8c05-ab4de9bb73ab","ts":"2025-12-23T07:53:43.314-05:00","source":{"id":"0","name":"eventBus"}}
{"__type":"$$EventMessageNode","id":"9b2a903a-b9e1-4076-b532-37056adac07f","ts":"2025-12-23T07:53:43.360-05:00","eventName":"n8n.node.finished","message":"n8n.node.finished","payload":{"workflowId":"qujm4GB0CHFRlv7R","workflowName":"Gestion des dépenses","executionId":"135","nodeType":"n8n-nodes-base.readWriteFile","nodeName":"Read/Write Files from Disk","nodeId":"49aac05e-1400-4964-bc3e-63faecd3a1ac"}}
{"__type":"$$EventMessageConfirm","confirm":"9b2a903a-b9e1-4076-b532-37056adac07f","ts":"2025-12-23T07:53:43.360-05:00","source":{"id":"0","name":"eventBus"}}
{"__type":"$$EventMessageNode","id":"362d362a-43ae-49ad-ae07-f03f62f0597e","ts":"2025-12-23T07:53:43.360-05:00","eventName":"n8n.node.started","message":"n8n.node.started","payload":{"workflowId":"qujm4GB0CHFRlv7R","workflowName":"Gestion des dépenses","executionId":"135","nodeType":"n8n-nodes-base.extractFromFile","nodeName":"Extract from File","nodeId":"8f5f15c1-8ccb-4800-bfdd-a6a931360447"}}
{"__type":"$$EventMessageConfirm","confirm":"362d362a-43ae-49ad-ae07-f03f62f0597e","ts":"2025-12-23T07:53:43.361-05:00","source":{"id":"0","name":"eventBus"}}
{"__type":"$$EventMessageNode","id":"93ae111f-6348-48df-93f6-c6367329e875","ts":"2025-12-23T07:53:43.378-05:00","eventName":"n8n.node.finished","message":"n8n.node.finished","payload":{"workflowId":"qujm4GB0CHFRlv7R","workflowName":"Gestion des dépenses","executionId":"135","nodeType":"n8n-nodes-base.extractFromFile","nodeName":"Extract from File","nodeId":"8f5f15c1-8ccb-4800-bfdd-a6a931360447"}}
{"__type":"$$EventMessageConfirm","confirm":"93ae111f-6348-48df-93f6-c6367329e875","ts":"2025-12-23T07:53:43.378-05:00","source":{"id":"0","name":"eventBus"}}
{"__type":"$$EventMessageNode","id":"f7555a84-003a-405f-9100-21800205ca98","ts":"2025-12-23T07:53:43.379-05:00","eventName":"n8n.node.started","message":"n8n.node.started","payload":{"workflowId":"qujm4GB0CHFRlv7R","workflowName":"Gestion des dépenses","executionId":"135","nodeType":"n8n-nodes-base.set","nodeName":"Edit Fields","nodeId":"a6a1f126-2617-4dad-907e-73f8c38aecbb"}}
{"__type":"$$EventMessageConfirm","confirm":"f7555a84-003a-405f-9100-21800205ca98","ts":"2025-12-23T07:53:43.379-05:00","source":{"id":"0","name":"eventBus"}}
{"__type":"$$EventMessageNode","id":"0c8d6af3-1dae-481e-865e-162a13a52742","ts":"2025-12-23T07:53:43.499-05:00","eventName":"n8n.node.finished","message":"n8n.node.finished","payload":{"workflowId":"qujm4GB0CHFRlv7R","workflowName":"Gestion des dépenses","executionId":"135","nodeType":"n8n-nodes-base.set","nodeName":"Edit Fields","nodeId":"a6a1f126-2617-4dad-907e-73f8c38aecbb"}}
{"__type":"$$EventMessageConfirm","confirm":"0c8d6af3-1dae-481e-865e-162a13a52742","ts":"2025-12-23T07:53:43.499-05:00","source":{"id":"0","name":"eventBus"}}
{"__type":"$$EventMessageNode","id":"a887c51b-f9d1-42c6-8c8b-7114fd3c6860","ts":"2025-12-23T07:53:43.500-05:00","eventName":"n8n.node.started","message":"n8n.node.started","payload":{"workflowId":"qujm4GB0CHFRlv7R","workflowName":"Gestion des dépenses","executionId":"135","nodeType":"n8n-nodes-base.notion","nodeName":"Create a database page","nodeId":"6ea202ea-6b54-4a8b-9e21-965ab06b3133"}}
{"__type":"$$EventMessageConfirm","confirm":"a887c51b-f9d1-42c6-8c8b-7114fd3c6860","ts":"2025-12-23T07:53:43.500-05:00","source":{"id":"0","name":"eventBus"}}
{"__type":"$$EventMessageNode","id":"536de668-f7eb-4467-9730-7ff652012d6c","ts":"2025-12-23T07:54:44.054-05:00","eventName":"n8n.node.finished","message":"n8n.node.finished","payload":{"workflowId":"qujm4GB0CHFRlv7R","workflowName":"Gestion des dépenses","executionId":"135","nodeType":"n8n-nodes-base.notion","nodeName":"Create a database page","nodeId":"6ea202ea-6b54-4a8b-9e21-965ab06b3133"}}
{"__type":"$$EventMessageConfirm","confirm":"536de668-f7eb-4467-9730-7ff652012d6c","ts":"2025-12-23T07:54:44.055-05:00","source":{"id":"0","name":"eventBus"}}
{"__type":"$$EventMessageWorkflow","id":"ac2dbe10-8826-4fca-9cac-1714a50d9fb3","ts":"2025-12-23T07:54:44.066-05:00","eventName":"n8n.workflow.success","message":"n8n.workflow.success","payload":{"userId":"8022dfae-34c0-45d1-8d37-d5e8da3ebd5d","executionId":"135","success":true,"isManual":true,"workflowId":"qujm4GB0CHFRlv7R","workflowName":"Gestion des dépenses"}}
{"__type":"$$EventMessageConfirm","confirm":"ac2dbe10-8826-4fca-9cac-1714a50d9fb3","ts":"2025-12-23T07:54:44.067-05:00","source":{"id":"0","name":"eventBus"}}
