{"__type":"$$EventMessageWorkflow","id":"b0f6d02e-2bc5-4c43-9d1b-6977a26f97ba","ts":"2025-12-23T19:37:13.457+00:00","eventName":"n8n.workflow.started","message":"n8n.workflow.started","payload":{"executionId":"139","workflowId":"qujm4GB0CHFRlv7R","isManual":false,"workflowName":"Gestion des dépenses"}}
{"__type":"$$EventMessageConfirm","confirm":"b0f6d02e-2bc5-4c43-9d1b-6977a26f97ba","ts":"2025-12-23T19:37:13.457+00:00","source":{"id":"0","name":"eventBus"}}
{"__type":"$$EventMessageNode","id":"a030a477-4ed9-4bd9-9f34-18e0c80ecfc6","ts":"2025-12-23T19:37:13.459+00:00","eventName":"n8n.node.started","message":"n8n.node.started","payload":{"workflowId":"qujm4GB0CHFRlv7R","workflowName":"Gestion des dépenses","executionId":"139","nodeType":"n8n-nodes-base.manualTrigger","nodeName":"When clicking ‘Execute workflow’","nodeId":"e549fd4f-3c46-48c1-855d-8673bccd0f65"}}
{"__type":"$$EventMessageConfirm","confirm":"a030a477-4ed9-4bd9-9f34-18e0c80ecfc6","ts":"2025-12-23T19:37:13.459+00:00","source":{"id":"0","name":"eventBus"}}
{"__type":"$$EventMessageNode","id":"9ecf93c5-1dd4-4a65-8e2d-25e0f8292f84","ts":"2025-12-23T19:37:13.463+00:00","eventName":"n8n.node.finished","message":"n8n.node.finished","payload":{"workflowId":"qujm4GB0CHFRlv7R","workflowName":"Gestion des dépenses","executionId":"139","nodeType":"n8n-nodes-base.manualTrigger","nodeName":"When clicking ‘Execute workflow’","nodeId":"e549fd4f-3c46-48c1-855d-8673bccd0f65"}}
{"__type":"$$EventMessageConfirm","confirm":"9ecf93c5-1dd4-4a65-8e2d-25e0f8292f84","ts":"2025-12-23T19:37:13.463+00:00","source":{"id":"0","name":"eventBus"}}
{"__type":"$$EventMessageNode","id":"3dcc4f92-bc5e-4d29-8859-f6e8c35544eb","ts":"2025-12-23T19:37:13.465+00:00","eventName":"n8n.node.started","message":"n8n.node.started","payload":{"workflowId":"qujm4GB0CHFRlv7R","workflowName":"Gestion des dépenses","executionId":"139","nodeType":"n8n-nodes-base.readWriteFile","nodeName":"Read/Write Files from Disk","nodeId":"49aac05e-1400-4964-bc3e-63faecd3a1ac"}}
{"__type":"$$EventMessageConfirm","confirm":"3dcc4f92-bc5e-4d29-8859-f6e8c35544eb","ts":"2025-12-23T19:37:13.465+00:00","source":{"id":"0","name":"eventBus"}}
{"__type":"$$EventMessageNode","id":"2ed825cc-35eb-40ae-adca-742696788ea4","ts":"2025-12-23T19:37:13.521+00:00","eventName":"n8n.node.finished","message":"n8n.node.finished","payload":{"workflowId":"qujm4GB0CHFRlv7R","workflowName":"Gestion des dépenses","executionId":"139","nodeType":"n8n-nodes-base.readWriteFile","nodeName":"Read/Write Files from Disk","nodeId":"49aac05e-1400-4964-bc3e-63faecd3a1ac"}}
{"__type":"$$EventMessageConfirm","confirm":"2ed825cc-35eb-40ae-adca-742696788ea4","ts":"2025-12-23T19:37:13.521+00:00","source":{"id":"0","name":"eventBus"}}
{"__type":"$$EventMessageWorkflow","id":"bc45042e-3c73-4705-92be-9f12a67400aa","ts":"2025-12-23T19:37:13.528+00:00","eventName":"n8n.workflow.success","message":"n8n.workflow.success","payload":{"userId":"8022dfae-34c0-45d1-8d37-d5e8da3ebd5d","executionId":"139","success":true,"isManual":true,"workflowId":"qujm4GB0CHFRlv7R","workflowName":"Gestion des dépenses"}}
{"__type":"$$EventMessageConfirm","confirm":"bc45042e-3c73-4705-92be-9f12a67400aa","ts":"2025-12-23T19:37:13.528+00:00","source":{"id":"0","name":"eventBus"}}
{"__type":"$$EventMessageWorkflow","id":"cb1d48b3-7d83-4cf3-b108-007a67f51768","ts":"2025-12-23T19:37:17.152+00:00","eventName":"n8n.workflow.started","message":"n8n.workflow.started","payload":{"executionId":"140","workflowId":"qujm4GB0CHFRlv7R","isManual":false,"workflowName":"Gestion des dépenses"}}
{"__type":"$$EventMessageConfirm","confirm":"cb1d48b3-7d83-4cf3-b108-007a67f51768","ts":"2025-12-23T19:37:17.152+00:00","source":{"id":"0","name":"eventBus"}}
{"__type":"$$EventMessageNode","id":"79fa0cd3-55d1-4ab3-a24d-940ab10a8c48","ts":"2025-12-23T19:37:17.153+00:00","eventName":"n8n.node.started","message":"n8n.node.started","payload":{"workflowId":"qujm4GB0CHFRlv7R","workflowName":"Gestion des dépenses","executionId":"140","nodeType":"n8n-nodes-base.extractFromFile","nodeName":"Extract from File","nodeId":"8f5f15c1-8ccb-4800-bfdd-a6a931360447"}}
{"__type":"$$EventMessageConfirm","confirm":"79fa0cd3-55d1-4ab3-a24d-940ab10a8c48","ts":"2025-12-23T19:37:17.154+00:00","source":{"id":"0","name":"eventBus"}}
{"__type":"$$EventMessageNode","id":"7fd88131-843a-4dec-8c6d-12eff69989fb","ts":"2025-12-23T19:37:17.196+00:00","eventName":"n8n.node.finished","message":"n8n.node.finished","payload":{"workflowId":"qujm4GB0CHFRlv7R","workflowName":"Gestion des dépenses","executionId":"140","nodeType":"n8n-nodes-base.extractFromFile","nodeName":"Extract from File","nodeId":"8f5f15c1-8ccb-4800-bfdd-a6a931360447"}}
{"__type":"$$EventMessageConfirm","confirm":"7fd88131-843a-4dec-8c6d-12eff69989fb","ts":"2025-12-23T19:37:17.196+00:00","source":{"id":"0","name":"eventBus"}}
{"__type":"$$EventMessageWorkflow","id":"a67c40b6-5764-44de-8aea-91056fa36a48","ts":"2025-12-23T19:37:17.200+00:00","eventName":"n8n.workflow.failed","message":"n8n.workflow.failed","payload":{"userId":"8022dfae-34c0-45d1-8d37-d5e8da3ebd5d","executionId":"140","success":false,"isManual":true,"workflowId":"qujm4GB0CHFRlv7R","workflowName":"Gestion des dépenses","lastNodeExecuted":"Extract from File","errorNodeType":"n8n-nodes-base.extractFromFile","errorMessage":"Invalid Record Length: columns length is 2, got 1 on line 6"}}
{"__type":"$$EventMessageConfirm","confirm":"a67c40b6-5764-44de-8aea-91056fa36a48","ts":"2025-12-23T19:37:17.200+00:00","source":{"id":"0","name":"eventBus"}}
{"__type":"$$EventMessageWorkflow","id":"27e54f0f-380f-48e7-967e-c541529beda2","ts":"2025-12-23T19:38:21.183+00:00","eventName":"n8n.workflow.started","message":"n8n.workflow.started","payload":{"executionId":"141","workflowId":"qujm4GB0CHFRlv7R","isManual":false,"workflowName":"Gestion des dépenses"}}
{"__type":"$$EventMessageConfirm","confirm":"27e54f0f-380f-48e7-967e-c541529beda2","ts":"2025-12-23T19:38:21.183+00:00","source":{"id":"0","name":"eventBus"}}
{"__type":"$$EventMessageNode","id":"1cc838d5-1815-4586-8618-7759b8e601d7","ts":"2025-12-23T19:38:21.184+00:00","eventName":"n8n.node.started","message":"n8n.node.started","payload":{"workflowId":"qujm4GB0CHFRlv7R","workflowName":"Gestion des dépenses","executionId":"141","nodeType":"n8n-nodes-base.readWriteFile","nodeName":"Read/Write Files from Disk","nodeId":"49aac05e-1400-4964-bc3e-63faecd3a1ac"}}
{"__type":"$$EventMessageConfirm","confirm":"1cc838d5-1815-4586-8618-7759b8e601d7","ts":"2025-12-23T19:38:21.185+00:00","source":{"id":"0","name":"eventBus"}}
{"__type":"$$EventMessageNode","id":"a43424b8-9c93-4527-a2bf-364b65dffa99","ts":"2025-12-23T19:38:21.220+00:00","eventName":"n8n.node.finished","message":"n8n.node.finished","payload":{"workflowId":"qujm4GB0CHFRlv7R","workflowName":"Gestion des dépenses","executionId":"141","nodeType":"n8n-nodes-base.readWriteFile","nodeName":"Read/Write Files from Disk","nodeId":"49aac05e-1400-4964-bc3e-63faecd3a1ac"}}
{"__type":"$$EventMessageConfirm","confirm":"a43424b8-9c93-4527-a2bf-364b65dffa99","ts":"2025-12-23T19:38:21.220+00:00","source":{"id":"0","name":"eventBus"}}
{"__type":"$$EventMessageWorkflow","id":"984ef6f4-74a4-42ad-85da-32648f19fca4","ts":"2025-12-23T19:38:21.227+00:00","eventName":"n8n.workflow.success","message":"n8n.workflow.success","payload":{"userId":"8022dfae-34c0-45d1-8d37-d5e8da3ebd5d","executionId":"141","success":true,"isManual":true,"workflowId":"qujm4GB0CHFRlv7R","workflowName":"Gestion des dépenses"}}
{"__type":"$$EventMessageConfirm","confirm":"984ef6f4-74a4-42ad-85da-32648f19fca4","ts":"2025-12-23T19:38:21.227+00:00","source":{"id":"0","name":"eventBus"}}
{"__type":"$$EventMessageWorkflow","id":"05255595-807b-4f24-846e-639a8e190882","ts":"2025-12-23T19:38:23.199+00:00","eventName":"n8n.workflow.started","message":"n8n.workflow.started","payload":{"executionId":"142","workflowId":"qujm4GB0CHFRlv7R","isManual":false,"workflowName":"Gestion des dépenses"}}
{"__type":"$$EventMessageConfirm","confirm":"05255595-807b-4f24-846e-639a8e190882","ts":"2025-12-23T19:38:23.200+00:00","source":{"id":"0","name":"eventBus"}}
{"__type":"$$EventMessageNode","id":"65f9b029-32ab-4937-a056-f0ae9940f486","ts":"2025-12-23T19:38:23.201+00:00","eventName":"n8n.node.started","message":"n8n.node.started","payload":{"workflowId":"qujm4GB0CHFRlv7R","workflowName":"Gestion des dépenses","executionId":"142","nodeType":"n8n-nodes-base.extractFromFile","nodeName":"Extract from File","nodeId":"8f5f15c1-8ccb-4800-bfdd-a6a931360447"}}
{"__type":"$$EventMessageConfirm","confirm":"65f9b029-32ab-4937-a056-f0ae9940f486","ts":"2025-12-23T19:38:23.201+00:00","source":{"id":"0","name":"eventBus"}}
{"__type":"$$EventMessageNode","id":"5c04cb27-0d00-4b1e-9a03-f4883886b34d","ts":"2025-12-23T19:38:23.234+00:00","eventName":"n8n.node.finished","message":"n8n.node.finished","payload":{"workflowId":"qujm4GB0CHFRlv7R","workflowName":"Gestion des dépenses","executionId":"142","nodeType":"n8n-nodes-base.extractFromFile","nodeName":"Extract from File","nodeId":"8f5f15c1-8ccb-4800-bfdd-a6a931360447"}}
{"__type":"$$EventMessageConfirm","confirm":"5c04cb27-0d00-4b1e-9a03-f4883886b34d","ts":"2025-12-23T19:38:23.234+00:00","source":{"id":"0","name":"eventBus"}}
{"__type":"$$EventMessageWorkflow","id":"35333de2-290d-489a-a164-04e14cf086ae","ts":"2025-12-23T19:38:23.242+00:00","eventName":"n8n.workflow.success","message":"n8n.workflow.success","payload":{"userId":"8022dfae-34c0-45d1-8d37-d5e8da3ebd5d","executionId":"142","success":true,"isManual":true,"workflowId":"qujm4GB0CHFRlv7R","workflowName":"Gestion des dépenses"}}
{"__type":"$$EventMessageConfirm","confirm":"35333de2-290d-489a-a164-04e14cf086ae","ts":"2025-12-23T19:38:23.242+00:00","source":{"id":"0","name":"eventBus"}}
{"__type":"$$EventMessageWorkflow","id":"ab1eed0f-1882-470e-98a4-0588b08dc332","ts":"2025-12-23T19:38:24.968+00:00","eventName":"n8n.workflow.started","message":"n8n.workflow.started","payload":{"executionId":"143","workflowId":"qujm4GB0CHFRlv7R","isManual":false,"workflowName":"Gestion des dépenses"}}
{"__type":"$$EventMessageConfirm","confirm":"ab1eed0f-1882-470e-98a4-0588b08dc332","ts":"2025-12-23T19:38:24.969+00:00","source":{"id":"0","name":"eventBus"}}
{"__type":"$$EventMessageNode","id":"9a84659f-33d8-4523-9541-938a136bd621","ts":"2025-12-23T19:38:24.971+00:00","eventName":"n8n.node.started","message":"n8n.node.started","payload":{"workflowId":"qujm4GB0CHFRlv7R","workflowName":"Gestion des dépenses","executionId":"143","nodeType":"n8n-nodes-base.set","nodeName":"Edit Fields","nodeId":"a6a1f126-2617-4dad-907e-73f8c38aecbb"}}
{"__type":"$$EventMessageConfirm","confirm":"9a84659f-33d8-4523-9541-938a136bd621","ts":"2025-12-23T19:38:24.971+00:00","source":{"id":"0","name":"eventBus"}}
{"__type":"$$EventMessageNode","id":"7849408a-17c4-4941-a2b4-2e71e5e80b73","ts":"2025-12-23T14:38:25.260-05:00","eventName":"n8n.node.finished","message":"n8n.node.finished","payload":{"workflowId":"qujm4GB0CHFRlv7R","workflowName":"Gestion des dépenses","executionId":"143","nodeType":"n8n-nodes-base.set","nodeName":"Edit Fields","nodeId":"a6a1f126-2617-4dad-907e-73f8c38aecbb"}}
{"__type":"$$EventMessageConfirm","confirm":"7849408a-17c4-4941-a2b4-2e71e5e80b73","ts":"2025-12-23T14:38:25.260-05:00","source":{"id":"0","name":"eventBus"}}
{"__type":"$$EventMessageWorkflow","id":"2620934c-c2a8-4d98-b36b-39204a31a608","ts":"2025-12-23T14:38:25.268-05:00","eventName":"n8n.workflow.success","message":"n8n.workflow.success","payload":{"userId":"8022dfae-34c0-45d1-8d37-d5e8da3ebd5d","executionId":"143","success":true,"isManual":true,"workflowId":"qujm4GB0CHFRlv7R","workflowName":"Gestion des dépenses"}}
{"__type":"$$EventMessageConfirm","confirm":"2620934c-c2a8-4d98-b36b-39204a31a608","ts":"2025-12-23T14:38:25.268-05:00","source":{"id":"0","name":"eventBus"}}
{"__type":"$$EventMessageAudit","id":"e1f1c356-93d9-4569-8994-cb9c81ba7cd9","ts":"2025-12-23T14:51:50.172-05:00","eventName":"n8n.audit.workflow.updated","message":"n8n.audit.workflow.updated","payload":{"userId":"8022dfae-34c0-45d1-8d37-d5e8da3ebd5d","_email":"jaenzo31@gmail.com","_firstName":"Enzo","_lastName":"JANY","globalRole":"global:owner","workflowId":"qujm4GB0CHFRlv7R","workflowName":"Gestion des dépenses"}}
{"__type":"$$EventMessageConfirm","confirm":"e1f1c356-93d9-4569-8994-cb9c81ba7cd9","ts":"2025-12-23T14:51:50.174-05:00","source":{"id":"0","name":"eventBus"}}
{"__type":"$$EventMessageWorkflow","id":"d3a48440-b0b2-4bc0-aa96-cbbe1da2b904","ts":"2025-12-23T15:17:05.635-05:00","eventName":"n8n.workflow.started","message":"n8n.workflow.started","payload":{"executionId":"144","workflowId":"qujm4GB0CHFRlv7R","isManual":false,"workflowName":"Gestion des dépenses"}}
{"__type":"$$EventMessageConfirm","confirm":"d3a48440-b0b2-4bc0-aa96-cbbe1da2b904","ts":"2025-12-23T15:17:05.635-05:00","source":{"id":"0","name":"eventBus"}}
{"__type":"$$EventMessageNode","id":"fef44e65-a856-48a2-a4e5-43e06ca8e81f","ts":"2025-12-23T15:17:05.636-05:00","eventName":"n8n.node.started","message":"n8n.node.started","payload":{"workflowId":"qujm4GB0CHFRlv7R","workflowName":"Gestion des dépenses","executionId":"144","nodeType":"n8n-nodes-base.manualTrigger","nodeName":"When clicking ‘Execute workflow’","nodeId":"e549fd4f-3c46-48c1-855d-8673bccd0f65"}}
{"__type":"$$EventMessageConfirm","confirm":"fef44e65-a856-48a2-a4e5-43e06ca8e81f","ts":"2025-12-23T15:17:05.637-05:00","source":{"id":"0","name":"eventBus"}}
{"__type":"$$EventMessageNode","id":"21e3a5a4-4f6f-4333-8ae8-a828837fc418","ts":"2025-12-23T15:17:05.639-05:00","eventName":"n8n.node.finished","message":"n8n.node.finished","payload":{"workflowId":"qujm4GB0CHFRlv7R","workflowName":"Gestion des dépenses","executionId":"144","nodeType":"n8n-nodes-base.manualTrigger","nodeName":"When clicking ‘Execute workflow’","nodeId":"e549fd4f-3c46-48c1-855d-8673bccd0f65"}}
{"__type":"$$EventMessageConfirm","confirm":"21e3a5a4-4f6f-4333-8ae8-a828837fc418","ts":"2025-12-23T15:17:05.639-05:00","source":{"id":"0","name":"eventBus"}}
{"__type":"$$EventMessageNode","id":"2f56adff-6cc9-40c3-9094-46fc509fe35f","ts":"2025-12-23T15:17:05.640-05:00","eventName":"n8n.node.started","message":"n8n.node.started","payload":{"workflowId":"qujm4GB0CHFRlv7R","workflowName":"Gestion des dépenses","executionId":"144","nodeType":"n8n-nodes-base.readWriteFile","nodeName":"Read/Write Files from Disk","nodeId":"49aac05e-1400-4964-bc3e-63faecd3a1ac"}}
{"__type":"$$EventMessageConfirm","confirm":"2f56adff-6cc9-40c3-9094-46fc509fe35f","ts":"2025-12-23T15:17:05.640-05:00","source":{"id":"0","name":"eventBus"}}
{"__type":"$$EventMessageNode","id":"b0327aaf-d617-4655-b718-06599715f70c","ts":"2025-12-23T15:17:05.653-05:00","eventName":"n8n.node.finished","message":"n8n.node.finished","payload":{"workflowId":"qujm4GB0CHFRlv7R","workflowName":"Gestion des dépenses","executionId":"144","nodeType":"n8n-nodes-base.readWriteFile","nodeName":"Read/Write Files from Disk","nodeId":"49aac05e-1400-4964-bc3e-63faecd3a1ac"}}
{"__type":"$$EventMessageConfirm","confirm":"b0327aaf-d617-4655-b718-06599715f70c","ts":"2025-12-23T15:17:05.654-05:00","source":{"id":"0","name":"eventBus"}}
{"__type":"$$EventMessageNode","id":"4af445a4-d134-448e-a745-755b63201c2f","ts":"2025-12-23T15:17:05.654-05:00","eventName":"n8n.node.started","message":"n8n.node.started","payload":{"workflowId":"qujm4GB0CHFRlv7R","workflowName":"Gestion des dépenses","executionId":"144","nodeType":"n8n-nodes-base.extractFromFile","nodeName":"Extract from File","nodeId":"8f5f15c1-8ccb-4800-bfdd-a6a931360447"}}
{"__type":"$$EventMessageConfirm","confirm":"4af445a4-d134-448e-a745-755b63201c2f","ts":"2025-12-23T15:17:05.654-05:00","source":{"id":"0","name":"eventBus"}}
{"__type":"$$EventMessageNode","id":"12b055c8-5f55-4701-9dfe-d98c95ac9562","ts":"2025-12-23T15:17:05.663-05:00","eventName":"n8n.node.finished","message":"n8n.node.finished","payload":{"workflowId":"qujm4GB0CHFRlv7R","workflowName":"Gestion des dépenses","executionId":"144","nodeType":"n8n-nodes-base.extractFromFile","nodeName":"Extract from File","nodeId":"8f5f15c1-8ccb-4800-bfdd-a6a931360447"}}
{"__type":"$$EventMessageConfirm","confirm":"12b055c8-5f55-4701-9dfe-d98c95ac9562","ts":"2025-12-23T15:17:05.663-05:00","source":{"id":"0","name":"eventBus"}}
{"__type":"$$EventMessageNode","id":"1ebdf8c6-8be2-4684-b7b8-44d237091886","ts":"2025-12-23T15:17:05.664-05:00","eventName":"n8n.node.started","message":"n8n.node.started","payload":{"workflowId":"qujm4GB0CHFRlv7R","workflowName":"Gestion des dépenses","executionId":"144","nodeType":"n8n-nodes-base.set","nodeName":"Edit Fields","nodeId":"a6a1f126-2617-4dad-907e-73f8c38aecbb"}}
{"__type":"$$EventMessageConfirm","confirm":"1ebdf8c6-8be2-4684-b7b8-44d237091886","ts":"2025-12-23T15:17:05.664-05:00","source":{"id":"0","name":"eventBus"}}
{"__type":"$$EventMessageNode","id":"f943acca-216e-4fa8-8d14-582ef4e5e11f","ts":"2025-12-23T15:17:05.744-05:00","eventName":"n8n.node.finished","message":"n8n.node.finished","payload":{"workflowId":"qujm4GB0CHFRlv7R","workflowName":"Gestion des dépenses","executionId":"144","nodeType":"n8n-nodes-base.set","nodeName":"Edit Fields","nodeId":"a6a1f126-2617-4dad-907e-73f8c38aecbb"}}
{"__type":"$$EventMessageConfirm","confirm":"f943acca-216e-4fa8-8d14-582ef4e5e11f","ts":"2025-12-23T15:17:05.744-05:00","source":{"id":"0","name":"eventBus"}}
{"__type":"$$EventMessageNode","id":"2dea1c89-9031-4cb3-81e2-57621b39fd51","ts":"2025-12-23T15:17:05.745-05:00","eventName":"n8n.node.started","message":"n8n.node.started","payload":{"workflowId":"qujm4GB0CHFRlv7R","workflowName":"Gestion des dépenses","executionId":"144","nodeType":"n8n-nodes-base.notion","nodeName":"Create a database page","nodeId":"6ea202ea-6b54-4a8b-9e21-965ab06b3133"}}
{"__type":"$$EventMessageConfirm","confirm":"2dea1c89-9031-4cb3-81e2-57621b39fd51","ts":"2025-12-23T15:17:05.745-05:00","source":{"id":"0","name":"eventBus"}}
{"__type":"$$EventMessageWorkflow","id":"c75ff9a6-6e33-4134-9f86-7a53a011fb81","ts":"2025-12-23T15:17:10.735-05:00","eventName":"n8n.workflow.cancelled","message":"n8n.workflow.cancelled","payload":{"executionId":"144","workflowId":"qujm4GB0CHFRlv7R","workflowName":"Gestion des dépenses","reason":"manual"}}
{"__type":"$$EventMessageConfirm","confirm":"c75ff9a6-6e33-4134-9f86-7a53a011fb81","ts":"2025-12-23T15:17:10.735-05:00","source":{"id":"0","name":"eventBus"}}
{"__type":"$$EventMessageWorkflow","id":"e07ae5d2-ad4a-499d-9ef9-f435fef8cd95","ts":"2025-12-23T15:17:10.737-05:00","eventName":"n8n.workflow.failed","message":"n8n.workflow.failed","payload":{"userId":"8022dfae-34c0-45d1-8d37-d5e8da3ebd5d","executionId":"144","success":false,"isManual":true,"workflowId":"qujm4GB0CHFRlv7R","workflowName":"Gestion des dépenses","lastNodeExecuted":"Edit Fields"}}
{"__type":"$$EventMessageConfirm","confirm":"e07ae5d2-ad4a-499d-9ef9-f435fef8cd95","ts":"2025-12-23T15:17:10.737-05:00","source":{"id":"0","name":"eventBus"}}
{"__type":"$$EventMessageWorkflow","id":"045029ab-55f4-4575-a5ac-867fc978ae67","ts":"2025-12-23T15:17:15.012-05:00","eventName":"n8n.workflow.started","message":"n8n.workflow.started","payload":{"executionId":"145","workflowId":"qujm4GB0CHFRlv7R","isManual":false,"workflowName":"Gestion des dépenses"}}
{"__type":"$$EventMessageConfirm","confirm":"045029ab-55f4-4575-a5ac-867fc978ae67","ts":"2025-12-23T15:17:15.012-05:00","source":{"id":"0","name":"eventBus"}}
{"__type":"$$EventMessageNode","id":"ffd3b70f-f145-4c39-be50-af6fdb5e883a","ts":"2025-12-23T15:17:15.013-05:00","eventName":"n8n.node.started","message":"n8n.node.started","payload":{"workflowId":"qujm4GB0CHFRlv7R","workflowName":"Gestion des dépenses","executionId":"145","nodeType":"n8n-nodes-base.manualTrigger","nodeName":"When clicking ‘Execute workflow’","nodeId":"e549fd4f-3c46-48c1-855d-8673bccd0f65"}}
{"__type":"$$EventMessageConfirm","confirm":"ffd3b70f-f145-4c39-be50-af6fdb5e883a","ts":"2025-12-23T15:17:15.013-05:00","source":{"id":"0","name":"eventBus"}}
{"__type":"$$EventMessageNode","id":"e17f58b0-0ce4-41e2-a70b-aef5adc3b87d","ts":"2025-12-23T15:17:15.013-05:00","eventName":"n8n.node.finished","message":"n8n.node.finished","payload":{"workflowId":"qujm4GB0CHFRlv7R","workflowName":"Gestion des dépenses","executionId":"145","nodeType":"n8n-nodes-base.manualTrigger","nodeName":"When clicking ‘Execute workflow’","nodeId":"e549fd4f-3c46-48c1-855d-8673bccd0f65"}}
{"__type":"$$EventMessageConfirm","confirm":"e17f58b0-0ce4-41e2-a70b-aef5adc3b87d","ts":"2025-12-23T15:17:15.014-05:00","source":{"id":"0","name":"eventBus"}}
{"__type":"$$EventMessageNode","id":"8368a05b-ee85-478e-b615-218cbcfa1dd1","ts":"2025-12-23T15:17:15.014-05:00","eventName":"n8n.node.started","message":"n8n.node.started","payload":{"workflowId":"qujm4GB0CHFRlv7R","workflowName":"Gestion des dépenses","executionId":"145","nodeType":"n8n-nodes-base.readWriteFile","nodeName":"Read/Write Files from Disk","nodeId":"49aac05e-1400-4964-bc3e-63faecd3a1ac"}}
{"__type":"$$EventMessageConfirm","confirm":"8368a05b-ee85-478e-b615-218cbcfa1dd1","ts":"2025-12-23T15:17:15.014-05:00","source":{"id":"0","name":"eventBus"}}
{"__type":"$$EventMessageNode","id":"22680927-8f7d-4df8-9dda-08d004434083","ts":"2025-12-23T15:17:15.031-05:00","eventName":"n8n.node.finished","message":"n8n.node.finished","payload":{"workflowId":"qujm4GB0CHFRlv7R","workflowName":"Gestion des dépenses","executionId":"145","nodeType":"n8n-nodes-base.readWriteFile","nodeName":"Read/Write Files from Disk","nodeId":"49aac05e-1400-4964-bc3e-63faecd3a1ac"}}
{"__type":"$$EventMessageConfirm","confirm":"22680927-8f7d-4df8-9dda-08d004434083","ts":"2025-12-23T15:17:15.031-05:00","source":{"id":"0","name":"eventBus"}}
{"__type":"$$EventMessageNode","id":"6171b2a4-df90-4d86-9a54-0f695d3aec7f","ts":"2025-12-23T15:17:15.031-05:00","eventName":"n8n.node.started","message":"n8n.node.started","payload":{"workflowId":"qujm4GB0CHFRlv7R","workflowName":"Gestion des dépenses","executionId":"145","nodeType":"n8n-nodes-base.extractFromFile","nodeName":"Extract from File","nodeId":"8f5f15c1-8ccb-4800-bfdd-a6a931360447"}}
{"__type":"$$EventMessageConfirm","confirm":"6171b2a4-df90-4d86-9a54-0f695d3aec7f","ts":"2025-12-23T15:17:15.031-05:00","source":{"id":"0","name":"eventBus"}}
{"__type":"$$EventMessageNode","id":"e05991cf-2399-4b39-afaa-beab19442aee","ts":"2025-12-23T15:17:15.038-05:00","eventName":"n8n.node.finished","message":"n8n.node.finished","payload":{"workflowId":"qujm4GB0CHFRlv7R","workflowName":"Gestion des dépenses","executionId":"145","nodeType":"n8n-nodes-base.extractFromFile","nodeName":"Extract from File","nodeId":"8f5f15c1-8ccb-4800-bfdd-a6a931360447"}}
{"__type":"$$EventMessageConfirm","confirm":"e05991cf-2399-4b39-afaa-beab19442aee","ts":"2025-12-23T15:17:15.038-05:00","source":{"id":"0","name":"eventBus"}}
{"__type":"$$EventMessageNode","id":"5d60e9e1-b45a-483f-9cd0-9193be2ec090","ts":"2025-12-23T15:17:15.039-05:00","eventName":"n8n.node.started","message":"n8n.node.started","payload":{"workflowId":"qujm4GB0CHFRlv7R","workflowName":"Gestion des dépenses","executionId":"145","nodeType":"n8n-nodes-base.set","nodeName":"Edit Fields","nodeId":"a6a1f126-2617-4dad-907e-73f8c38aecbb"}}
{"__type":"$$EventMessageConfirm","confirm":"5d60e9e1-b45a-483f-9cd0-9193be2ec090","ts":"2025-12-23T15:17:15.039-05:00","source":{"id":"0","name":"eventBus"}}
{"__type":"$$EventMessageNode","id":"beeaa053-26d1-4732-a85c-8cbd3bdcdbb1","ts":"2025-12-23T15:17:15.075-05:00","eventName":"n8n.node.finished","message":"n8n.node.finished","payload":{"workflowId":"qujm4GB0CHFRlv7R","workflowName":"Gestion des dépenses","executionId":"145","nodeType":"n8n-nodes-base.set","nodeName":"Edit Fields","nodeId":"a6a1f126-2617-4dad-907e-73f8c38aecbb"}}
{"__type":"$$EventMessageConfirm","confirm":"beeaa053-26d1-4732-a85c-8cbd3bdcdbb1","ts":"2025-12-23T15:17:15.075-05:00","source":{"id":"0","name":"eventBus"}}
{"__type":"$$EventMessageNode","id":"91825bd6-9396-4fe9-8d21-e194f4512284","ts":"2025-12-23T15:17:15.076-05:00","eventName":"n8n.node.started","message":"n8n.node.started","payload":{"workflowId":"qujm4GB0CHFRlv7R","workflowName":"Gestion des dépenses","executionId":"145","nodeType":"n8n-nodes-base.notion","nodeName":"Create a database page","nodeId":"6ea202ea-6b54-4a8b-9e21-965ab06b3133"}}
{"__type":"$$EventMessageConfirm","confirm":"91825bd6-9396-4fe9-8d21-e194f4512284","ts":"2025-12-23T15:17:15.076-05:00","source":{"id":"0","name":"eventBus"}}
{"__type":"$$EventMessageWorkflow","id":"72441189-fb4c-4462-9b60-6b17db4f8755","ts":"2025-12-23T15:17:17.591-05:00","eventName":"n8n.workflow.cancelled","message":"n8n.workflow.cancelled","payload":{"executionId":"145","workflowId":"qujm4GB0CHFRlv7R","workflowName":"Gestion des dépenses","reason":"manual"}}
{"__type":"$$EventMessageConfirm","confirm":"72441189-fb4c-4462-9b60-6b17db4f8755","ts":"2025-12-23T15:17:17.591-05:00","source":{"id":"0","name":"eventBus"}}
{"__type":"$$EventMessageWorkflow","id":"3e968b46-891b-42af-8472-0d69880dd6df","ts":"2025-12-23T15:17:17.592-05:00","eventName":"n8n.workflow.failed","message":"n8n.workflow.failed","payload":{"userId":"8022dfae-34c0-45d1-8d37-d5e8da3ebd5d","executionId":"145","success":false,"isManual":true,"workflowId":"qujm4GB0CHFRlv7R","workflowName":"Gestion des dépenses","lastNodeExecuted":"Edit Fields"}}
{"__type":"$$EventMessageConfirm","confirm":"3e968b46-891b-42af-8472-0d69880dd6df","ts":"2025-12-23T15:17:17.592-05:00","source":{"id":"0","name":"eventBus"}}
{"__type":"$$EventMessageNode","id":"bffb26d8-047e-46c2-9c27-c63eb3fd146d","ts":"2025-12-23T15:17:50.531-05:00","eventName":"n8n.node.finished","message":"n8n.node.finished","payload":{"workflowId":"qujm4GB0CHFRlv7R","workflowName":"Gestion des dépenses","executionId":"144","nodeType":"n8n-nodes-base.notion","nodeName":"Create a database page","nodeId":"6ea202ea-6b54-4a8b-9e21-965ab06b3133"}}
{"__type":"$$EventMessageConfirm","confirm":"bffb26d8-047e-46c2-9c27-c63eb3fd146d","ts":"2025-12-23T15:17:50.531-05:00","source":{"id":"0","name":"eventBus"}}
{"__type":"$$EventMessageNode","id":"57f045a4-5ea4-4560-9923-8cae347e4674","ts":"2025-12-23T15:18:12.309-05:00","eventName":"n8n.node.finished","message":"n8n.node.finished","payload":{"workflowId":"qujm4GB0CHFRlv7R","workflowName":"Gestion des dépenses","executionId":"145","nodeType":"n8n-nodes-base.notion","nodeName":"Create a database page","nodeId":"6ea202ea-6b54-4a8b-9e21-965ab06b3133"}}
{"__type":"$$EventMessageConfirm","confirm":"57f045a4-5ea4-4560-9923-8cae347e4674","ts":"2025-12-23T15:18:12.309-05:00","source":{"id":"0","name":"eventBus"}}
{"__type":"$$EventMessageAudit","id":"5761d9d9-5237-4633-9c12-72510498f808","ts":"2025-12-23T15:21:51.381-05:00","eventName":"n8n.audit.workflow.updated","message":"n8n.audit.workflow.updated","payload":{"userId":"8022dfae-34c0-45d1-8d37-d5e8da3ebd5d","_email":"jaenzo31@gmail.com","_firstName":"Enzo","_lastName":"JANY","globalRole":"global:owner","workflowId":"qujm4GB0CHFRlv7R","workflowName":"Gestion des dépenses"}}
{"__type":"$$EventMessageConfirm","confirm":"5761d9d9-5237-4633-9c12-72510498f808","ts":"2025-12-23T15:21:51.381-05:00","source":{"id":"0","name":"eventBus"}}
